{"/Users/marlonea/Andela/bright-events-react-frontend/src/actions/index.js":{"path":"/Users/marlonea/Andela/bright-events-react-frontend/src/actions/index.js","statementMap":{"0":{"start":{"line":3,"column":0},"end":{"line":5,"column":3}},"1":{"start":{"line":7,"column":13},"end":{"line":7,"column":39}},"2":{"start":{"line":9,"column":0},"end":{"line":17,"column":3}},"3":{"start":{"line":10,"column":2},"end":{"line":10,"column":56}},"4":{"start":{"line":10,"column":49},"end":{"line":10,"column":56}},"5":{"start":{"line":11,"column":2},"end":{"line":16,"column":5}},"6":{"start":{"line":14,"column":6},"end":{"line":14,"column":25}},"7":{"start":{"line":19,"column":12},"end":{"line":19,"column":37}},"8":{"start":{"line":21,"column":0},"end":{"line":29,"column":3}},"9":{"start":{"line":22,"column":2},"end":{"line":22,"column":56}},"10":{"start":{"line":22,"column":49},"end":{"line":22,"column":56}},"11":{"start":{"line":23,"column":2},"end":{"line":28,"column":5}},"12":{"start":{"line":26,"column":6},"end":{"line":26,"column":24}},"13":{"start":{"line":31,"column":13},"end":{"line":31,"column":39}},"14":{"start":{"line":33,"column":0},"end":{"line":41,"column":3}},"15":{"start":{"line":34,"column":2},"end":{"line":34,"column":56}},"16":{"start":{"line":34,"column":49},"end":{"line":34,"column":56}},"17":{"start":{"line":35,"column":2},"end":{"line":40,"column":5}},"18":{"start":{"line":38,"column":6},"end":{"line":38,"column":25}}},"fnMap":{"0":{"name":"(anonymous_0)","decl":{"start":{"line":9,"column":28},"end":{"line":9,"column":29}},"loc":{"start":{"line":9,"column":43},"end":{"line":17,"column":1}},"line":9},"1":{"name":"get","decl":{"start":{"line":13,"column":18},"end":{"line":13,"column":21}},"loc":{"start":{"line":13,"column":24},"end":{"line":15,"column":5}},"line":13},"2":{"name":"(anonymous_2)","decl":{"start":{"line":21,"column":27},"end":{"line":21,"column":28}},"loc":{"start":{"line":21,"column":42},"end":{"line":29,"column":1}},"line":21},"3":{"name":"get","decl":{"start":{"line":25,"column":18},"end":{"line":25,"column":21}},"loc":{"start":{"line":25,"column":24},"end":{"line":27,"column":5}},"line":25},"4":{"name":"(anonymous_4)","decl":{"start":{"line":33,"column":28},"end":{"line":33,"column":29}},"loc":{"start":{"line":33,"column":43},"end":{"line":41,"column":1}},"line":33},"5":{"name":"get","decl":{"start":{"line":37,"column":18},"end":{"line":37,"column":21}},"loc":{"start":{"line":37,"column":24},"end":{"line":39,"column":5}},"line":37}},"branchMap":{"0":{"loc":{"start":{"line":10,"column":2},"end":{"line":10,"column":56}},"type":"if","locations":[{"start":{"line":10,"column":2},"end":{"line":10,"column":56}},{"start":{"line":10,"column":2},"end":{"line":10,"column":56}}],"line":10},"1":{"loc":{"start":{"line":10,"column":6},"end":{"line":10,"column":47}},"type":"binary-expr","locations":[{"start":{"line":10,"column":6},"end":{"line":10,"column":23}},{"start":{"line":10,"column":27},"end":{"line":10,"column":47}}],"line":10},"2":{"loc":{"start":{"line":22,"column":2},"end":{"line":22,"column":56}},"type":"if","locations":[{"start":{"line":22,"column":2},"end":{"line":22,"column":56}},{"start":{"line":22,"column":2},"end":{"line":22,"column":56}}],"line":22},"3":{"loc":{"start":{"line":22,"column":6},"end":{"line":22,"column":47}},"type":"binary-expr","locations":[{"start":{"line":22,"column":6},"end":{"line":22,"column":23}},{"start":{"line":22,"column":27},"end":{"line":22,"column":47}}],"line":22},"4":{"loc":{"start":{"line":34,"column":2},"end":{"line":34,"column":56}},"type":"if","locations":[{"start":{"line":34,"column":2},"end":{"line":34,"column":56}},{"start":{"line":34,"column":2},"end":{"line":34,"column":56}}],"line":34},"5":{"loc":{"start":{"line":34,"column":6},"end":{"line":34,"column":47}},"type":"binary-expr","locations":[{"start":{"line":34,"column":6},"end":{"line":34,"column":23}},{"start":{"line":34,"column":27},"end":{"line":34,"column":47}}],"line":34}},"s":{"0":1,"1":1,"2":1,"3":1,"4":0,"5":1,"6":0,"7":1,"8":1,"9":10,"10":0,"11":10,"12":6,"13":1,"14":1,"15":13,"16":0,"17":13,"18":6},"f":{"0":1,"1":0,"2":10,"3":6,"4":13,"5":6},"b":{"0":[0,1],"1":[1,1],"2":[0,10],"3":[10,10],"4":[0,13],"5":[13,13]},"_coverageSchema":"d34fc3e6b8297bcde183f5492bcb8fcb36775295","hash":"09b4697e353f39be7c5ed770d24dfec33fbf96d0","contentHash":"e6a2bdc8ca9a64233e7d938ce70b9c8a_12.0.2"},"/Users/marlonea/Andela/bright-events-react-frontend/src/actions/alert.actions.js":{"path":"/Users/marlonea/Andela/bright-events-react-frontend/src/actions/alert.actions.js","statementMap":{"0":{"start":{"line":3,"column":0},"end":{"line":5,"column":3}},"1":{"start":{"line":6,"column":0},"end":{"line":6,"column":33}},"2":{"start":{"line":8,"column":19},"end":{"line":8,"column":44}},"3":{"start":{"line":10,"column":19},"end":{"line":14,"column":1}},"4":{"start":{"line":17,"column":1},"end":{"line":17,"column":72}},"5":{"start":{"line":21,"column":1},"end":{"line":21,"column":70}},"6":{"start":{"line":25,"column":1},"end":{"line":25,"column":52}}},"fnMap":{"0":{"name":"success","decl":{"start":{"line":16,"column":9},"end":{"line":16,"column":16}},"loc":{"start":{"line":16,"column":26},"end":{"line":18,"column":1}},"line":16},"1":{"name":"error","decl":{"start":{"line":20,"column":9},"end":{"line":20,"column":14}},"loc":{"start":{"line":20,"column":24},"end":{"line":22,"column":1}},"line":20},"2":{"name":"clear","decl":{"start":{"line":24,"column":9},"end":{"line":24,"column":14}},"loc":{"start":{"line":24,"column":17},"end":{"line":26,"column":1}},"line":24}},"branchMap":{},"s":{"0":1,"1":1,"2":1,"3":1,"4":0,"5":0,"6":0},"f":{"0":0,"1":0,"2":0},"b":{},"_coverageSchema":"d34fc3e6b8297bcde183f5492bcb8fcb36775295","hash":"1591d1a6c8675081fa34f3f60cf0b738d5da6396","contentHash":"10f46ac000105c04b23476bd9320e2f0_12.0.2"},"/Users/marlonea/Andela/bright-events-react-frontend/src/actionTypes/index.js":{"path":"/Users/marlonea/Andela/bright-events-react-frontend/src/actionTypes/index.js","statementMap":{"0":{"start":{"line":3,"column":0},"end":{"line":5,"column":3}},"1":{"start":{"line":7,"column":12},"end":{"line":7,"column":39}},"2":{"start":{"line":9,"column":0},"end":{"line":17,"column":3}},"3":{"start":{"line":10,"column":2},"end":{"line":10,"column":56}},"4":{"start":{"line":10,"column":49},"end":{"line":10,"column":56}},"5":{"start":{"line":11,"column":2},"end":{"line":16,"column":5}},"6":{"start":{"line":14,"column":6},"end":{"line":14,"column":24}},"7":{"start":{"line":19,"column":13},"end":{"line":19,"column":41}},"8":{"start":{"line":21,"column":0},"end":{"line":29,"column":3}},"9":{"start":{"line":22,"column":2},"end":{"line":22,"column":56}},"10":{"start":{"line":22,"column":49},"end":{"line":22,"column":56}},"11":{"start":{"line":23,"column":2},"end":{"line":28,"column":5}},"12":{"start":{"line":26,"column":6},"end":{"line":26,"column":25}},"13":{"start":{"line":31,"column":13},"end":{"line":31,"column":41}},"14":{"start":{"line":33,"column":0},"end":{"line":41,"column":3}},"15":{"start":{"line":34,"column":2},"end":{"line":34,"column":56}},"16":{"start":{"line":34,"column":49},"end":{"line":34,"column":56}},"17":{"start":{"line":35,"column":2},"end":{"line":40,"column":5}},"18":{"start":{"line":38,"column":6},"end":{"line":38,"column":25}}},"fnMap":{"0":{"name":"(anonymous_0)","decl":{"start":{"line":9,"column":27},"end":{"line":9,"column":28}},"loc":{"start":{"line":9,"column":42},"end":{"line":17,"column":1}},"line":9},"1":{"name":"get","decl":{"start":{"line":13,"column":18},"end":{"line":13,"column":21}},"loc":{"start":{"line":13,"column":24},"end":{"line":15,"column":5}},"line":13},"2":{"name":"(anonymous_2)","decl":{"start":{"line":21,"column":28},"end":{"line":21,"column":29}},"loc":{"start":{"line":21,"column":43},"end":{"line":29,"column":1}},"line":21},"3":{"name":"get","decl":{"start":{"line":25,"column":18},"end":{"line":25,"column":21}},"loc":{"start":{"line":25,"column":24},"end":{"line":27,"column":5}},"line":25},"4":{"name":"(anonymous_4)","decl":{"start":{"line":33,"column":28},"end":{"line":33,"column":29}},"loc":{"start":{"line":33,"column":43},"end":{"line":41,"column":1}},"line":33},"5":{"name":"get","decl":{"start":{"line":37,"column":18},"end":{"line":37,"column":21}},"loc":{"start":{"line":37,"column":24},"end":{"line":39,"column":5}},"line":37}},"branchMap":{"0":{"loc":{"start":{"line":10,"column":2},"end":{"line":10,"column":56}},"type":"if","locations":[{"start":{"line":10,"column":2},"end":{"line":10,"column":56}},{"start":{"line":10,"column":2},"end":{"line":10,"column":56}}],"line":10},"1":{"loc":{"start":{"line":10,"column":6},"end":{"line":10,"column":47}},"type":"binary-expr","locations":[{"start":{"line":10,"column":6},"end":{"line":10,"column":23}},{"start":{"line":10,"column":27},"end":{"line":10,"column":47}}],"line":10},"2":{"loc":{"start":{"line":22,"column":2},"end":{"line":22,"column":56}},"type":"if","locations":[{"start":{"line":22,"column":2},"end":{"line":22,"column":56}},{"start":{"line":22,"column":2},"end":{"line":22,"column":56}}],"line":22},"3":{"loc":{"start":{"line":22,"column":6},"end":{"line":22,"column":47}},"type":"binary-expr","locations":[{"start":{"line":22,"column":6},"end":{"line":22,"column":23}},{"start":{"line":22,"column":27},"end":{"line":22,"column":47}}],"line":22},"4":{"loc":{"start":{"line":34,"column":2},"end":{"line":34,"column":56}},"type":"if","locations":[{"start":{"line":34,"column":2},"end":{"line":34,"column":56}},{"start":{"line":34,"column":2},"end":{"line":34,"column":56}}],"line":34},"5":{"loc":{"start":{"line":34,"column":6},"end":{"line":34,"column":47}},"type":"binary-expr","locations":[{"start":{"line":34,"column":6},"end":{"line":34,"column":23}},{"start":{"line":34,"column":27},"end":{"line":34,"column":47}}],"line":34}},"s":{"0":1,"1":1,"2":1,"3":1,"4":0,"5":1,"6":21,"7":1,"8":1,"9":1,"10":0,"11":1,"12":0,"13":1,"14":1,"15":1,"16":0,"17":1,"18":17},"f":{"0":1,"1":21,"2":1,"3":0,"4":1,"5":17},"b":{"0":[0,1],"1":[1,1],"2":[0,1],"3":[1,1],"4":[0,1],"5":[1,1]},"_coverageSchema":"d34fc3e6b8297bcde183f5492bcb8fcb36775295","hash":"cf159c21e250d727d1c78da278153babd35aaca2","contentHash":"38e1e97779636ba6b602e929d7ddb1eb_12.0.2"},"/Users/marlonea/Andela/bright-events-react-frontend/src/actionTypes/user.constants.js":{"path":"/Users/marlonea/Andela/bright-events-react-frontend/src/actionTypes/user.constants.js","statementMap":{"0":{"start":{"line":3,"column":0},"end":{"line":5,"column":3}},"1":{"start":{"line":6,"column":20},"end":{"line":16,"column":1}}},"fnMap":{},"branchMap":{},"s":{"0":1,"1":1},"f":{},"b":{},"_coverageSchema":"d34fc3e6b8297bcde183f5492bcb8fcb36775295","hash":"22a7248d7b2faf2834e64f0c18c7c2cae9dbd05e","contentHash":"d4ffc09bceaeda9eae22ecd2a0052e7c_12.0.2"},"/Users/marlonea/Andela/bright-events-react-frontend/src/actionTypes/alert.constants.js":{"path":"/Users/marlonea/Andela/bright-events-react-frontend/src/actionTypes/alert.constants.js","statementMap":{"0":{"start":{"line":3,"column":0},"end":{"line":5,"column":3}},"1":{"start":{"line":6,"column":21},"end":{"line":10,"column":1}}},"fnMap":{},"branchMap":{},"s":{"0":1,"1":1},"f":{},"b":{},"_coverageSchema":"d34fc3e6b8297bcde183f5492bcb8fcb36775295","hash":"fd413c71eb07404bb7d874a838579c48e19f7bf3","contentHash":"e35ae49510833f8dadc8e882e3369e06_12.0.2"},"/Users/marlonea/Andela/bright-events-react-frontend/src/actionTypes/event.constants.js":{"path":"/Users/marlonea/Andela/bright-events-react-frontend/src/actionTypes/event.constants.js","statementMap":{"0":{"start":{"line":3,"column":0},"end":{"line":5,"column":3}},"1":{"start":{"line":6,"column":23},"end":{"line":14,"column":1}}},"fnMap":{},"branchMap":{},"s":{"0":1,"1":1},"f":{},"b":{},"_coverageSchema":"d34fc3e6b8297bcde183f5492bcb8fcb36775295","hash":"9502c243f654dd2a9f1b95cbdafcf1b71bc577ce","contentHash":"2e6ad3bd4a2f830b1764619d62a92146_12.0.2"},"/Users/marlonea/Andela/bright-events-react-frontend/src/actions/user.actions.js":{"path":"/Users/marlonea/Andela/bright-events-react-frontend/src/actions/user.actions.js","statementMap":{"0":{"start":{"line":3,"column":0},"end":{"line":5,"column":3}},"1":{"start":{"line":6,"column":0},"end":{"line":6,"column":214}},"2":{"start":{"line":8,"column":19},"end":{"line":8,"column":44}},"3":{"start":{"line":10,"column":16},"end":{"line":10,"column":38}},"4":{"start":{"line":12,"column":8},"end":{"line":12,"column":21}},"5":{"start":{"line":14,"column":15},"end":{"line":14,"column":36}},"6":{"start":{"line":16,"column":14},"end":{"line":21,"column":1}},"7":{"start":{"line":17,"column":1},"end":{"line":20,"column":3}},"8":{"start":{"line":23,"column":14},"end":{"line":28,"column":1}},"9":{"start":{"line":24,"column":1},"end":{"line":27,"column":3}},"10":{"start":{"line":30,"column":14},"end":{"line":35,"column":1}},"11":{"start":{"line":31,"column":1},"end":{"line":34,"column":3}},"12":{"start":{"line":37,"column":22},"end":{"line":42,"column":1}},"13":{"start":{"line":38,"column":1},"end":{"line":41,"column":3}},"14":{"start":{"line":43,"column":22},"end":{"line":48,"column":1}},"15":{"start":{"line":44,"column":1},"end":{"line":47,"column":3}},"16":{"start":{"line":49,"column":22},"end":{"line":54,"column":1}},"17":{"start":{"line":50,"column":1},"end":{"line":53,"column":3}},"18":{"start":{"line":56,"column":16},"end":{"line":58,"column":1}},"19":{"start":{"line":57,"column":1},"end":{"line":57,"column":52}},"20":{"start":{"line":60,"column":12},"end":{"line":72,"column":1}},"21":{"start":{"line":61,"column":1},"end":{"line":71,"column":3}},"22":{"start":{"line":63,"column":2},"end":{"line":63,"column":26}},"23":{"start":{"line":64,"column":2},"end":{"line":70,"column":5}},"24":{"start":{"line":65,"column":3},"end":{"line":65,"column":27}},"25":{"start":{"line":66,"column":3},"end":{"line":66,"column":30}},"26":{"start":{"line":68,"column":3},"end":{"line":68,"column":28}},"27":{"start":{"line":69,"column":3},"end":{"line":69,"column":41}},"28":{"start":{"line":74,"column":13},"end":{"line":79,"column":1}},"29":{"start":{"line":75,"column":1},"end":{"line":78,"column":3}},"30":{"start":{"line":76,"column":2},"end":{"line":76,"column":33}},"31":{"start":{"line":77,"column":2},"end":{"line":77,"column":24}},"32":{"start":{"line":81,"column":15},"end":{"line":94,"column":1}},"33":{"start":{"line":82,"column":1},"end":{"line":93,"column":3}},"34":{"start":{"line":83,"column":2},"end":{"line":83,"column":34}},"35":{"start":{"line":85,"column":2},"end":{"line":92,"column":5}},"36":{"start":{"line":86,"column":3},"end":{"line":86,"column":31}},"37":{"start":{"line":87,"column":3},"end":{"line":87,"column":35}},"38":{"start":{"line":88,"column":3},"end":{"line":88,"column":54}},"39":{"start":{"line":90,"column":3},"end":{"line":90,"column":34}},"40":{"start":{"line":91,"column":3},"end":{"line":91,"column":39}}},"fnMap":{"0":{"name":"request","decl":{"start":{"line":16,"column":41},"end":{"line":16,"column":48}},"loc":{"start":{"line":16,"column":55},"end":{"line":21,"column":1}},"line":16},"1":{"name":"success","decl":{"start":{"line":23,"column":41},"end":{"line":23,"column":48}},"loc":{"start":{"line":23,"column":55},"end":{"line":28,"column":1}},"line":23},"2":{"name":"failure","decl":{"start":{"line":30,"column":41},"end":{"line":30,"column":48}},"loc":{"start":{"line":30,"column":56},"end":{"line":35,"column":1}},"line":30},"3":{"name":"registerRequest","decl":{"start":{"line":37,"column":57},"end":{"line":37,"column":72}},"loc":{"start":{"line":37,"column":79},"end":{"line":42,"column":1}},"line":37},"4":{"name":"registerSuccess","decl":{"start":{"line":43,"column":57},"end":{"line":43,"column":72}},"loc":{"start":{"line":43,"column":79},"end":{"line":48,"column":1}},"line":43},"5":{"name":"registerFailure","decl":{"start":{"line":49,"column":57},"end":{"line":49,"column":72}},"loc":{"start":{"line":49,"column":80},"end":{"line":54,"column":1}},"line":49},"6":{"name":"loggedOut","decl":{"start":{"line":56,"column":45},"end":{"line":56,"column":54}},"loc":{"start":{"line":56,"column":57},"end":{"line":58,"column":1}},"line":56},"7":{"name":"login","decl":{"start":{"line":60,"column":37},"end":{"line":60,"column":42}},"loc":{"start":{"line":60,"column":49},"end":{"line":72,"column":1}},"line":60},"8":{"name":"(anonymous_8)","decl":{"start":{"line":61,"column":8},"end":{"line":61,"column":9}},"loc":{"start":{"line":61,"column":28},"end":{"line":71,"column":2}},"line":61},"9":{"name":"(anonymous_9)","decl":{"start":{"line":64,"column":41},"end":{"line":64,"column":42}},"loc":{"start":{"line":64,"column":57},"end":{"line":67,"column":3}},"line":64},"10":{"name":"(anonymous_10)","decl":{"start":{"line":67,"column":5},"end":{"line":67,"column":6}},"loc":{"start":{"line":67,"column":22},"end":{"line":70,"column":3}},"line":67},"11":{"name":"logout","decl":{"start":{"line":74,"column":39},"end":{"line":74,"column":45}},"loc":{"start":{"line":74,"column":48},"end":{"line":79,"column":1}},"line":74},"12":{"name":"(anonymous_12)","decl":{"start":{"line":75,"column":8},"end":{"line":75,"column":9}},"loc":{"start":{"line":75,"column":28},"end":{"line":78,"column":2}},"line":75},"13":{"name":"register","decl":{"start":{"line":81,"column":43},"end":{"line":81,"column":51}},"loc":{"start":{"line":81,"column":58},"end":{"line":94,"column":1}},"line":81},"14":{"name":"(anonymous_14)","decl":{"start":{"line":82,"column":8},"end":{"line":82,"column":9}},"loc":{"start":{"line":82,"column":28},"end":{"line":93,"column":2}},"line":82},"15":{"name":"(anonymous_15)","decl":{"start":{"line":85,"column":44},"end":{"line":85,"column":45}},"loc":{"start":{"line":85,"column":64},"end":{"line":89,"column":3}},"line":85},"16":{"name":"(anonymous_16)","decl":{"start":{"line":89,"column":11},"end":{"line":89,"column":12}},"loc":{"start":{"line":89,"column":26},"end":{"line":92,"column":3}},"line":89}},"branchMap":{},"s":{"0":1,"1":1,"2":1,"3":1,"4":1,"5":1,"6":1,"7":1,"8":1,"9":1,"10":1,"11":1,"12":1,"13":1,"14":1,"15":1,"16":1,"17":1,"18":1,"19":0,"20":1,"21":0,"22":0,"23":0,"24":0,"25":0,"26":0,"27":0,"28":1,"29":0,"30":0,"31":0,"32":1,"33":0,"34":0,"35":0,"36":0,"37":0,"38":0,"39":0,"40":0},"f":{"0":1,"1":1,"2":1,"3":1,"4":1,"5":1,"6":0,"7":0,"8":0,"9":0,"10":0,"11":0,"12":0,"13":0,"14":0,"15":0,"16":0},"b":{},"_coverageSchema":"d34fc3e6b8297bcde183f5492bcb8fcb36775295","hash":"b74f55d2bb4460d2cfccb8bee97d8571b075cfee","contentHash":"343f6fa676aac60d55a17b9c9eb71b0e_12.0.2"},"/Users/marlonea/Andela/bright-events-react-frontend/src/services/index.js":{"path":"/Users/marlonea/Andela/bright-events-react-frontend/src/services/index.js","statementMap":{"0":{"start":{"line":3,"column":0},"end":{"line":5,"column":3}},"1":{"start":{"line":7,"column":12},"end":{"line":7,"column":37}},"2":{"start":{"line":9,"column":0},"end":{"line":17,"column":3}},"3":{"start":{"line":10,"column":2},"end":{"line":10,"column":56}},"4":{"start":{"line":10,"column":49},"end":{"line":10,"column":56}},"5":{"start":{"line":11,"column":2},"end":{"line":16,"column":5}},"6":{"start":{"line":14,"column":6},"end":{"line":14,"column":24}},"7":{"start":{"line":19,"column":13},"end":{"line":19,"column":39}},"8":{"start":{"line":21,"column":0},"end":{"line":29,"column":3}},"9":{"start":{"line":22,"column":2},"end":{"line":22,"column":56}},"10":{"start":{"line":22,"column":49},"end":{"line":22,"column":56}},"11":{"start":{"line":23,"column":2},"end":{"line":28,"column":5}},"12":{"start":{"line":26,"column":6},"end":{"line":26,"column":25}}},"fnMap":{"0":{"name":"(anonymous_0)","decl":{"start":{"line":9,"column":27},"end":{"line":9,"column":28}},"loc":{"start":{"line":9,"column":42},"end":{"line":17,"column":1}},"line":9},"1":{"name":"get","decl":{"start":{"line":13,"column":18},"end":{"line":13,"column":21}},"loc":{"start":{"line":13,"column":24},"end":{"line":15,"column":5}},"line":13},"2":{"name":"(anonymous_2)","decl":{"start":{"line":21,"column":28},"end":{"line":21,"column":29}},"loc":{"start":{"line":21,"column":43},"end":{"line":29,"column":1}},"line":21},"3":{"name":"get","decl":{"start":{"line":25,"column":18},"end":{"line":25,"column":21}},"loc":{"start":{"line":25,"column":24},"end":{"line":27,"column":5}},"line":25}},"branchMap":{"0":{"loc":{"start":{"line":10,"column":2},"end":{"line":10,"column":56}},"type":"if","locations":[{"start":{"line":10,"column":2},"end":{"line":10,"column":56}},{"start":{"line":10,"column":2},"end":{"line":10,"column":56}}],"line":10},"1":{"loc":{"start":{"line":10,"column":6},"end":{"line":10,"column":47}},"type":"binary-expr","locations":[{"start":{"line":10,"column":6},"end":{"line":10,"column":23}},{"start":{"line":10,"column":27},"end":{"line":10,"column":47}}],"line":10},"2":{"loc":{"start":{"line":22,"column":2},"end":{"line":22,"column":56}},"type":"if","locations":[{"start":{"line":22,"column":2},"end":{"line":22,"column":56}},{"start":{"line":22,"column":2},"end":{"line":22,"column":56}}],"line":22},"3":{"loc":{"start":{"line":22,"column":6},"end":{"line":22,"column":47}},"type":"binary-expr","locations":[{"start":{"line":22,"column":6},"end":{"line":22,"column":23}},{"start":{"line":22,"column":27},"end":{"line":22,"column":47}}],"line":22}},"s":{"0":1,"1":1,"2":1,"3":1,"4":0,"5":1,"6":0,"7":1,"8":1,"9":1,"10":0,"11":1,"12":0},"f":{"0":1,"1":0,"2":1,"3":0},"b":{"0":[0,1],"1":[1,1],"2":[0,1],"3":[1,1]},"_coverageSchema":"d34fc3e6b8297bcde183f5492bcb8fcb36775295","hash":"12721fd4fca3ddf65ce6bf08716d34407e23ad76","contentHash":"b3342e12ba49de5d48d6a8441e0b3e39_12.0.2"},"/Users/marlonea/Andela/bright-events-react-frontend/src/services/user.service.js":{"path":"/Users/marlonea/Andela/bright-events-react-frontend/src/services/user.service.js","statementMap":{"0":{"start":{"line":3,"column":0},"end":{"line":5,"column":3}},"1":{"start":{"line":6,"column":18},"end":{"line":10,"column":1}},"2":{"start":{"line":13,"column":22},"end":{"line":17,"column":2}},"3":{"start":{"line":19,"column":1},"end":{"line":32,"column":4}},"4":{"start":{"line":20,"column":2},"end":{"line":22,"column":3}},"5":{"start":{"line":21,"column":3},"end":{"line":21,"column":46}},"6":{"start":{"line":24,"column":2},"end":{"line":24,"column":25}},"7":{"start":{"line":26,"column":2},"end":{"line":29,"column":3}},"8":{"start":{"line":28,"column":3},"end":{"line":28,"column":64}},"9":{"start":{"line":31,"column":2},"end":{"line":31,"column":18}},"10":{"start":{"line":36,"column":13},"end":{"line":36,"column":53}},"11":{"start":{"line":37,"column":22},"end":{"line":43,"column":2}},"12":{"start":{"line":44,"column":1},"end":{"line":44,"column":115}},"13":{"start":{"line":48,"column":22},"end":{"line":52,"column":2}},"14":{"start":{"line":54,"column":1},"end":{"line":54,"column":117}},"15":{"start":{"line":58,"column":1},"end":{"line":60,"column":2}},"16":{"start":{"line":59,"column":2},"end":{"line":59,"column":45}},"17":{"start":{"line":62,"column":1},"end":{"line":62,"column":24}}},"fnMap":{"0":{"name":"login","decl":{"start":{"line":12,"column":9},"end":{"line":12,"column":14}},"loc":{"start":{"line":12,"column":21},"end":{"line":33,"column":1}},"line":12},"1":{"name":"(anonymous_1)","decl":{"start":{"line":19,"column":98},"end":{"line":19,"column":99}},"loc":{"start":{"line":19,"column":118},"end":{"line":25,"column":2}},"line":19},"2":{"name":"(anonymous_2)","decl":{"start":{"line":25,"column":9},"end":{"line":25,"column":10}},"loc":{"start":{"line":25,"column":24},"end":{"line":32,"column":2}},"line":25},"3":{"name":"logout","decl":{"start":{"line":35,"column":9},"end":{"line":35,"column":15}},"loc":{"start":{"line":35,"column":18},"end":{"line":45,"column":1}},"line":35},"4":{"name":"register","decl":{"start":{"line":47,"column":9},"end":{"line":47,"column":17}},"loc":{"start":{"line":47,"column":24},"end":{"line":55,"column":1}},"line":47},"5":{"name":"handleResponse","decl":{"start":{"line":57,"column":9},"end":{"line":57,"column":23}},"loc":{"start":{"line":57,"column":34},"end":{"line":63,"column":1}},"line":57}},"branchMap":{"0":{"loc":{"start":{"line":20,"column":2},"end":{"line":22,"column":3}},"type":"if","locations":[{"start":{"line":20,"column":2},"end":{"line":22,"column":3}},{"start":{"line":20,"column":2},"end":{"line":22,"column":3}}],"line":20},"1":{"loc":{"start":{"line":26,"column":2},"end":{"line":29,"column":3}},"type":"if","locations":[{"start":{"line":26,"column":2},"end":{"line":29,"column":3}},{"start":{"line":26,"column":2},"end":{"line":29,"column":3}}],"line":26},"2":{"loc":{"start":{"line":26,"column":6},"end":{"line":26,"column":27}},"type":"binary-expr","locations":[{"start":{"line":26,"column":6},"end":{"line":26,"column":9}},{"start":{"line":26,"column":13},"end":{"line":26,"column":27}}],"line":26},"3":{"loc":{"start":{"line":58,"column":1},"end":{"line":60,"column":2}},"type":"if","locations":[{"start":{"line":58,"column":1},"end":{"line":60,"column":2}},{"start":{"line":58,"column":1},"end":{"line":60,"column":2}}],"line":58}},"s":{"0":1,"1":1,"2":0,"3":0,"4":0,"5":0,"6":0,"7":0,"8":0,"9":0,"10":0,"11":0,"12":0,"13":0,"14":0,"15":0,"16":0,"17":0},"f":{"0":0,"1":0,"2":0,"3":0,"4":0,"5":0},"b":{"0":[0,0],"1":[0,0],"2":[0,0],"3":[0,0]},"_coverageSchema":"d34fc3e6b8297bcde183f5492bcb8fcb36775295","hash":"30dbc96daf404aafcde28afb3f9a385421b02d3d","contentHash":"298919f417c90eca1f49bb8688f1b341_12.0.2"},"/Users/marlonea/Andela/bright-events-react-frontend/src/services/event.service.js":{"path":"/Users/marlonea/Andela/bright-events-react-frontend/src/services/event.service.js","statementMap":{"0":{"start":{"line":3,"column":0},"end":{"line":5,"column":3}},"1":{"start":{"line":6,"column":0},"end":{"line":6,"column":33}},"2":{"start":{"line":8,"column":19},"end":{"line":8,"column":52}},"3":{"start":{"line":10,"column":19},"end":{"line":12,"column":1}},"4":{"start":{"line":15,"column":1},"end":{"line":15,"column":39}},"5":{"start":{"line":16,"column":1},"end":{"line":25,"column":25}},"6":{"start":{"line":29,"column":1},"end":{"line":31,"column":2}},"7":{"start":{"line":30,"column":2},"end":{"line":30,"column":45}},"8":{"start":{"line":33,"column":1},"end":{"line":33,"column":24}}},"fnMap":{"0":{"name":"create","decl":{"start":{"line":14,"column":9},"end":{"line":14,"column":15}},"loc":{"start":{"line":14,"column":30},"end":{"line":26,"column":1}},"line":14},"1":{"name":"handleResponse","decl":{"start":{"line":28,"column":9},"end":{"line":28,"column":23}},"loc":{"start":{"line":28,"column":34},"end":{"line":34,"column":1}},"line":28}},"branchMap":{"0":{"loc":{"start":{"line":29,"column":1},"end":{"line":31,"column":2}},"type":"if","locations":[{"start":{"line":29,"column":1},"end":{"line":31,"column":2}},{"start":{"line":29,"column":1},"end":{"line":31,"column":2}}],"line":29}},"s":{"0":1,"1":1,"2":1,"3":1,"4":0,"5":0,"6":0,"7":0,"8":0},"f":{"0":0,"1":0},"b":{"0":[0,0]},"_coverageSchema":"d34fc3e6b8297bcde183f5492bcb8fcb36775295","hash":"0ba2f0ea6f06013603382668f99fbb601d1a44b3","contentHash":"8f4744e8873585c753bcf6a24c4f13cb_12.0.2"},"/Users/marlonea/Andela/bright-events-react-frontend/src/helpers/auth_header.js":{"path":"/Users/marlonea/Andela/bright-events-react-frontend/src/helpers/auth_header.js","statementMap":{"0":{"start":{"line":3,"column":0},"end":{"line":5,"column":3}},"1":{"start":{"line":6,"column":0},"end":{"line":6,"column":32}},"2":{"start":{"line":9,"column":12},"end":{"line":9,"column":52}},"3":{"start":{"line":11,"column":1},"end":{"line":15,"column":2}},"4":{"start":{"line":12,"column":2},"end":{"line":12,"column":27}},"5":{"start":{"line":14,"column":2},"end":{"line":14,"column":12}}},"fnMap":{"0":{"name":"authHeader","decl":{"start":{"line":7,"column":9},"end":{"line":7,"column":19}},"loc":{"start":{"line":7,"column":22},"end":{"line":16,"column":1}},"line":7}},"branchMap":{"0":{"loc":{"start":{"line":11,"column":1},"end":{"line":15,"column":2}},"type":"if","locations":[{"start":{"line":11,"column":1},"end":{"line":15,"column":2}},{"start":{"line":11,"column":1},"end":{"line":15,"column":2}}],"line":11}},"s":{"0":1,"1":1,"2":0,"3":0,"4":0,"5":0},"f":{"0":0},"b":{"0":[0,0]},"_coverageSchema":"d34fc3e6b8297bcde183f5492bcb8fcb36775295","hash":"22a0c94cce5b8853645f5f6764e7708ac31931b5","contentHash":"e8777a7b1158412bf988d62e0518f5be_12.0.2"},"/Users/marlonea/Andela/bright-events-react-frontend/src/helpers/index.js":{"path":"/Users/marlonea/Andela/bright-events-react-frontend/src/helpers/index.js","statementMap":{"0":{"start":{"line":3,"column":0},"end":{"line":5,"column":3}},"1":{"start":{"line":7,"column":19},"end":{"line":7,"column":43}},"2":{"start":{"line":9,"column":0},"end":{"line":17,"column":3}},"3":{"start":{"line":10,"column":2},"end":{"line":10,"column":56}},"4":{"start":{"line":10,"column":49},"end":{"line":10,"column":56}},"5":{"start":{"line":11,"column":2},"end":{"line":16,"column":5}},"6":{"start":{"line":14,"column":6},"end":{"line":14,"column":31}},"7":{"start":{"line":19,"column":15},"end":{"line":19,"column":35}},"8":{"start":{"line":21,"column":0},"end":{"line":29,"column":3}},"9":{"start":{"line":22,"column":2},"end":{"line":22,"column":56}},"10":{"start":{"line":22,"column":49},"end":{"line":22,"column":56}},"11":{"start":{"line":23,"column":2},"end":{"line":28,"column":5}},"12":{"start":{"line":26,"column":6},"end":{"line":26,"column":27}}},"fnMap":{"0":{"name":"(anonymous_0)","decl":{"start":{"line":9,"column":34},"end":{"line":9,"column":35}},"loc":{"start":{"line":9,"column":49},"end":{"line":17,"column":1}},"line":9},"1":{"name":"get","decl":{"start":{"line":13,"column":18},"end":{"line":13,"column":21}},"loc":{"start":{"line":13,"column":24},"end":{"line":15,"column":5}},"line":13},"2":{"name":"(anonymous_2)","decl":{"start":{"line":21,"column":30},"end":{"line":21,"column":31}},"loc":{"start":{"line":21,"column":45},"end":{"line":29,"column":1}},"line":21},"3":{"name":"get","decl":{"start":{"line":25,"column":18},"end":{"line":25,"column":21}},"loc":{"start":{"line":25,"column":24},"end":{"line":27,"column":5}},"line":25}},"branchMap":{"0":{"loc":{"start":{"line":10,"column":2},"end":{"line":10,"column":56}},"type":"if","locations":[{"start":{"line":10,"column":2},"end":{"line":10,"column":56}},{"start":{"line":10,"column":2},"end":{"line":10,"column":56}}],"line":10},"1":{"loc":{"start":{"line":10,"column":6},"end":{"line":10,"column":47}},"type":"binary-expr","locations":[{"start":{"line":10,"column":6},"end":{"line":10,"column":23}},{"start":{"line":10,"column":27},"end":{"line":10,"column":47}}],"line":10},"2":{"loc":{"start":{"line":22,"column":2},"end":{"line":22,"column":56}},"type":"if","locations":[{"start":{"line":22,"column":2},"end":{"line":22,"column":56}},{"start":{"line":22,"column":2},"end":{"line":22,"column":56}}],"line":22},"3":{"loc":{"start":{"line":22,"column":6},"end":{"line":22,"column":47}},"type":"binary-expr","locations":[{"start":{"line":22,"column":6},"end":{"line":22,"column":23}},{"start":{"line":22,"column":27},"end":{"line":22,"column":47}}],"line":22}},"s":{"0":1,"1":1,"2":1,"3":1,"4":0,"5":1,"6":0,"7":1,"8":1,"9":1,"10":0,"11":1,"12":0},"f":{"0":1,"1":0,"2":1,"3":0},"b":{"0":[0,1],"1":[1,1],"2":[0,1],"3":[1,1]},"_coverageSchema":"d34fc3e6b8297bcde183f5492bcb8fcb36775295","hash":"5079643f55420725080cba31cb03e66c5b4e90b1","contentHash":"c6e600f6c31fde093715935b59b845a4_12.0.2"},"/Users/marlonea/Andela/bright-events-react-frontend/src/helpers/history.js":{"path":"/Users/marlonea/Andela/bright-events-react-frontend/src/helpers/history.js","statementMap":{"0":{"start":{"line":3,"column":0},"end":{"line":5,"column":3}},"1":{"start":{"line":6,"column":0},"end":{"line":6,"column":28}},"2":{"start":{"line":8,"column":15},"end":{"line":8,"column":33}},"3":{"start":{"line":10,"column":14},"end":{"line":10,"column":68}}},"fnMap":{},"branchMap":{},"s":{"0":1,"1":1,"2":1,"3":1},"f":{},"b":{},"_coverageSchema":"d34fc3e6b8297bcde183f5492bcb8fcb36775295","hash":"a18d84a6944ecd117c74a848e18b476fe11cd8b0","contentHash":"dfdf2df2622767815c366bbfd5da0587_12.0.2"},"/Users/marlonea/Andela/bright-events-react-frontend/src/actions/event.actions.js":{"path":"/Users/marlonea/Andela/bright-events-react-frontend/src/actions/event.actions.js","statementMap":{"0":{"start":{"line":3,"column":0},"end":{"line":5,"column":3}},"1":{"start":{"line":6,"column":0},"end":{"line":6,"column":308}},"2":{"start":{"line":8,"column":19},"end":{"line":8,"column":44}},"3":{"start":{"line":10,"column":19},"end":{"line":10,"column":52}},"4":{"start":{"line":12,"column":15},"end":{"line":12,"column":36}},"5":{"start":{"line":14,"column":22},"end":{"line":14,"column":67}},"6":{"start":{"line":15,"column":21},"end":{"line":15,"column":65}},"7":{"start":{"line":16,"column":22},"end":{"line":16,"column":67}},"8":{"start":{"line":17,"column":19},"end":{"line":17,"column":61}},"9":{"start":{"line":18,"column":17},"end":{"line":18,"column":57}},"10":{"start":{"line":19,"column":19},"end":{"line":19,"column":61}},"11":{"start":{"line":20,"column":19},"end":{"line":20,"column":61}},"12":{"start":{"line":21,"column":14},"end":{"line":23,"column":1}},"13":{"start":{"line":22,"column":1},"end":{"line":22,"column":34}},"14":{"start":{"line":25,"column":21},"end":{"line":30,"column":1}},"15":{"start":{"line":26,"column":1},"end":{"line":29,"column":3}},"16":{"start":{"line":31,"column":23},"end":{"line":36,"column":1}},"17":{"start":{"line":32,"column":1},"end":{"line":35,"column":3}},"18":{"start":{"line":37,"column":19},"end":{"line":42,"column":1}},"19":{"start":{"line":38,"column":1},"end":{"line":41,"column":3}},"20":{"start":{"line":43,"column":19},"end":{"line":48,"column":1}},"21":{"start":{"line":44,"column":1},"end":{"line":47,"column":3}},"22":{"start":{"line":49,"column":20},"end":{"line":54,"column":1}},"23":{"start":{"line":50,"column":1},"end":{"line":53,"column":3}},"24":{"start":{"line":55,"column":21},"end":{"line":60,"column":1}},"25":{"start":{"line":56,"column":1},"end":{"line":59,"column":3}},"26":{"start":{"line":62,"column":18},"end":{"line":80,"column":1}},"27":{"start":{"line":63,"column":1},"end":{"line":79,"column":3}},"28":{"start":{"line":64,"column":2},"end":{"line":64,"column":22}},"29":{"start":{"line":65,"column":2},"end":{"line":78,"column":5}},"30":{"start":{"line":73,"column":3},"end":{"line":73,"column":21}},"31":{"start":{"line":75,"column":3},"end":{"line":75,"column":21}},"32":{"start":{"line":76,"column":3},"end":{"line":76,"column":32}},"33":{"start":{"line":77,"column":3},"end":{"line":77,"column":53}},"34":{"start":{"line":81,"column":18},"end":{"line":92,"column":1}},"35":{"start":{"line":82,"column":1},"end":{"line":91,"column":3}},"36":{"start":{"line":83,"column":2},"end":{"line":83,"column":22}},"37":{"start":{"line":84,"column":2},"end":{"line":90,"column":5}},"38":{"start":{"line":85,"column":3},"end":{"line":85,"column":21}},"39":{"start":{"line":87,"column":3},"end":{"line":87,"column":41}},"40":{"start":{"line":89,"column":3},"end":{"line":89,"column":55}},"41":{"start":{"line":94,"column":20},"end":{"line":109,"column":1}},"42":{"start":{"line":95,"column":1},"end":{"line":108,"column":3}},"43":{"start":{"line":96,"column":2},"end":{"line":96,"column":22}},"44":{"start":{"line":97,"column":2},"end":{"line":107,"column":5}},"45":{"start":{"line":102,"column":3},"end":{"line":102,"column":21}},"46":{"start":{"line":104,"column":3},"end":{"line":104,"column":43}},"47":{"start":{"line":106,"column":3},"end":{"line":106,"column":55}},"48":{"start":{"line":110,"column":16},"end":{"line":131,"column":1}},"49":{"start":{"line":111,"column":1},"end":{"line":130,"column":3}},"50":{"start":{"line":112,"column":2},"end":{"line":112,"column":22}},"51":{"start":{"line":113,"column":11},"end":{"line":113,"column":23}},"52":{"start":{"line":114,"column":2},"end":{"line":129,"column":5}},"53":{"start":{"line":122,"column":3},"end":{"line":122,"column":21}},"54":{"start":{"line":124,"column":3},"end":{"line":124,"column":21}},"55":{"start":{"line":125,"column":3},"end":{"line":125,"column":32}},"56":{"start":{"line":126,"column":3},"end":{"line":126,"column":42}},"57":{"start":{"line":128,"column":3},"end":{"line":128,"column":55}},"58":{"start":{"line":133,"column":18},"end":{"line":153,"column":1}},"59":{"start":{"line":134,"column":1},"end":{"line":152,"column":3}},"60":{"start":{"line":135,"column":2},"end":{"line":135,"column":22}},"61":{"start":{"line":136,"column":11},"end":{"line":136,"column":19}},"62":{"start":{"line":137,"column":2},"end":{"line":151,"column":5}},"63":{"start":{"line":144,"column":3},"end":{"line":144,"column":21}},"64":{"start":{"line":146,"column":3},"end":{"line":146,"column":21}},"65":{"start":{"line":147,"column":3},"end":{"line":147,"column":31}},"66":{"start":{"line":148,"column":3},"end":{"line":148,"column":43}},"67":{"start":{"line":150,"column":3},"end":{"line":150,"column":55}},"68":{"start":{"line":155,"column":19},"end":{"line":165,"column":1}},"69":{"start":{"line":156,"column":1},"end":{"line":164,"column":3}},"70":{"start":{"line":157,"column":2},"end":{"line":157,"column":22}},"71":{"start":{"line":158,"column":2},"end":{"line":163,"column":5}},"72":{"start":{"line":159,"column":3},"end":{"line":159,"column":21}},"73":{"start":{"line":161,"column":3},"end":{"line":161,"column":21}},"74":{"start":{"line":162,"column":3},"end":{"line":162,"column":41}}},"fnMap":{"0":{"name":"loading","decl":{"start":{"line":21,"column":41},"end":{"line":21,"column":48}},"loc":{"start":{"line":21,"column":51},"end":{"line":23,"column":1}},"line":21},"1":{"name":"eventsReceived","decl":{"start":{"line":25,"column":55},"end":{"line":25,"column":69}},"loc":{"start":{"line":25,"column":78},"end":{"line":30,"column":1}},"line":25},"2":{"name":"myEventsReceived","decl":{"start":{"line":31,"column":59},"end":{"line":31,"column":75}},"loc":{"start":{"line":31,"column":86},"end":{"line":36,"column":1}},"line":31},"3":{"name":"eventCreated","decl":{"start":{"line":37,"column":51},"end":{"line":37,"column":63}},"loc":{"start":{"line":37,"column":74},"end":{"line":42,"column":1}},"line":37},"4":{"name":"editingEvent","decl":{"start":{"line":43,"column":51},"end":{"line":43,"column":63}},"loc":{"start":{"line":43,"column":77},"end":{"line":48,"column":1}},"line":43},"5":{"name":"deletingEvent","decl":{"start":{"line":49,"column":53},"end":{"line":49,"column":66}},"loc":{"start":{"line":49,"column":71},"end":{"line":54,"column":1}},"line":49},"6":{"name":"searchingEvent","decl":{"start":{"line":55,"column":55},"end":{"line":55,"column":69}},"loc":{"start":{"line":55,"column":85},"end":{"line":60,"column":1}},"line":55},"7":{"name":"createEvent","decl":{"start":{"line":62,"column":49},"end":{"line":62,"column":60}},"loc":{"start":{"line":62,"column":72},"end":{"line":80,"column":1}},"line":62},"8":{"name":"(anonymous_8)","decl":{"start":{"line":63,"column":8},"end":{"line":63,"column":9}},"loc":{"start":{"line":63,"column":28},"end":{"line":79,"column":2}},"line":63},"9":{"name":"(anonymous_9)","decl":{"start":{"line":72,"column":10},"end":{"line":72,"column":11}},"loc":{"start":{"line":72,"column":25},"end":{"line":74,"column":3}},"line":72},"10":{"name":"(anonymous_10)","decl":{"start":{"line":74,"column":10},"end":{"line":74,"column":11}},"loc":{"start":{"line":74,"column":26},"end":{"line":78,"column":3}},"line":74},"11":{"name":"fetchEvents","decl":{"start":{"line":81,"column":49},"end":{"line":81,"column":60}},"loc":{"start":{"line":81,"column":63},"end":{"line":92,"column":1}},"line":81},"12":{"name":"(anonymous_12)","decl":{"start":{"line":82,"column":8},"end":{"line":82,"column":9}},"loc":{"start":{"line":82,"column":28},"end":{"line":91,"column":2}},"line":82},"13":{"name":"(anonymous_13)","decl":{"start":{"line":84,"column":79},"end":{"line":84,"column":80}},"loc":{"start":{"line":84,"column":94},"end":{"line":86,"column":3}},"line":84},"14":{"name":"(anonymous_14)","decl":{"start":{"line":86,"column":10},"end":{"line":86,"column":11}},"loc":{"start":{"line":86,"column":26},"end":{"line":88,"column":3}},"line":86},"15":{"name":"(anonymous_15)","decl":{"start":{"line":88,"column":11},"end":{"line":88,"column":12}},"loc":{"start":{"line":88,"column":28},"end":{"line":90,"column":3}},"line":88},"16":{"name":"fetchMyEvents","decl":{"start":{"line":94,"column":53},"end":{"line":94,"column":66}},"loc":{"start":{"line":94,"column":69},"end":{"line":109,"column":1}},"line":94},"17":{"name":"(anonymous_17)","decl":{"start":{"line":95,"column":8},"end":{"line":95,"column":9}},"loc":{"start":{"line":95,"column":28},"end":{"line":108,"column":2}},"line":95},"18":{"name":"(anonymous_18)","decl":{"start":{"line":101,"column":10},"end":{"line":101,"column":11}},"loc":{"start":{"line":101,"column":25},"end":{"line":103,"column":3}},"line":101},"19":{"name":"(anonymous_19)","decl":{"start":{"line":103,"column":10},"end":{"line":103,"column":11}},"loc":{"start":{"line":103,"column":26},"end":{"line":105,"column":3}},"line":103},"20":{"name":"(anonymous_20)","decl":{"start":{"line":105,"column":11},"end":{"line":105,"column":12}},"loc":{"start":{"line":105,"column":28},"end":{"line":107,"column":3}},"line":105},"21":{"name":"editEvent","decl":{"start":{"line":110,"column":45},"end":{"line":110,"column":54}},"loc":{"start":{"line":110,"column":66},"end":{"line":131,"column":1}},"line":110},"22":{"name":"(anonymous_22)","decl":{"start":{"line":111,"column":8},"end":{"line":111,"column":9}},"loc":{"start":{"line":111,"column":28},"end":{"line":130,"column":2}},"line":111},"23":{"name":"(anonymous_23)","decl":{"start":{"line":121,"column":10},"end":{"line":121,"column":11}},"loc":{"start":{"line":121,"column":25},"end":{"line":123,"column":3}},"line":121},"24":{"name":"(anonymous_24)","decl":{"start":{"line":123,"column":10},"end":{"line":123,"column":11}},"loc":{"start":{"line":123,"column":26},"end":{"line":127,"column":3}},"line":123},"25":{"name":"(anonymous_25)","decl":{"start":{"line":127,"column":11},"end":{"line":127,"column":12}},"loc":{"start":{"line":127,"column":28},"end":{"line":129,"column":3}},"line":127},"26":{"name":"deleteEvent","decl":{"start":{"line":133,"column":49},"end":{"line":133,"column":60}},"loc":{"start":{"line":133,"column":71},"end":{"line":153,"column":1}},"line":133},"27":{"name":"(anonymous_27)","decl":{"start":{"line":134,"column":8},"end":{"line":134,"column":9}},"loc":{"start":{"line":134,"column":28},"end":{"line":152,"column":2}},"line":134},"28":{"name":"(anonymous_28)","decl":{"start":{"line":143,"column":10},"end":{"line":143,"column":11}},"loc":{"start":{"line":143,"column":25},"end":{"line":145,"column":3}},"line":143},"29":{"name":"(anonymous_29)","decl":{"start":{"line":145,"column":10},"end":{"line":145,"column":11}},"loc":{"start":{"line":145,"column":26},"end":{"line":149,"column":3}},"line":145},"30":{"name":"(anonymous_30)","decl":{"start":{"line":149,"column":11},"end":{"line":149,"column":12}},"loc":{"start":{"line":149,"column":28},"end":{"line":151,"column":3}},"line":149},"31":{"name":"searchEventt","decl":{"start":{"line":155,"column":51},"end":{"line":155,"column":63}},"loc":{"start":{"line":155,"column":71},"end":{"line":165,"column":1}},"line":155},"32":{"name":"(anonymous_32)","decl":{"start":{"line":156,"column":8},"end":{"line":156,"column":9}},"loc":{"start":{"line":156,"column":28},"end":{"line":164,"column":2}},"line":156},"33":{"name":"(anonymous_33)","decl":{"start":{"line":158,"column":99},"end":{"line":158,"column":100}},"loc":{"start":{"line":158,"column":114},"end":{"line":160,"column":3}},"line":158},"34":{"name":"(anonymous_34)","decl":{"start":{"line":160,"column":10},"end":{"line":160,"column":11}},"loc":{"start":{"line":160,"column":26},"end":{"line":163,"column":3}},"line":160}},"branchMap":{},"s":{"0":1,"1":1,"2":1,"3":1,"4":1,"5":1,"6":1,"7":1,"8":1,"9":1,"10":1,"11":1,"12":1,"13":0,"14":1,"15":1,"16":1,"17":1,"18":1,"19":1,"20":1,"21":1,"22":1,"23":1,"24":1,"25":1,"26":1,"27":0,"28":0,"29":0,"30":0,"31":0,"32":0,"33":0,"34":1,"35":0,"36":0,"37":0,"38":0,"39":0,"40":0,"41":1,"42":0,"43":0,"44":0,"45":0,"46":0,"47":0,"48":1,"49":0,"50":0,"51":0,"52":0,"53":0,"54":0,"55":0,"56":0,"57":0,"58":1,"59":0,"60":0,"61":0,"62":0,"63":0,"64":0,"65":0,"66":0,"67":0,"68":1,"69":0,"70":0,"71":0,"72":0,"73":0,"74":0},"f":{"0":0,"1":1,"2":1,"3":1,"4":1,"5":1,"6":1,"7":0,"8":0,"9":0,"10":0,"11":0,"12":0,"13":0,"14":0,"15":0,"16":0,"17":0,"18":0,"19":0,"20":0,"21":0,"22":0,"23":0,"24":0,"25":0,"26":0,"27":0,"28":0,"29":0,"30":0,"31":0,"32":0,"33":0,"34":0},"b":{},"_coverageSchema":"d34fc3e6b8297bcde183f5492bcb8fcb36775295","hash":"b5fb63480d13ca5e1396b5b3722a7ab4d046b2ce","contentHash":"bb92552b2a212513f2685b885d54679d_12.0.2"},"/Users/marlonea/Andela/bright-events-react-frontend/src/reducers/events.reducer.js":{"path":"/Users/marlonea/Andela/bright-events-react-frontend/src/reducers/events.reducer.js","statementMap":{"0":{"start":{"line":3,"column":0},"end":{"line":5,"column":3}},"1":{"start":{"line":7,"column":13},"end":{"line":7,"column":54}},"2":{"start":{"line":9,"column":0},"end":{"line":19,"column":2}},"3":{"start":{"line":10,"column":14},"end":{"line":10,"column":84}},"4":{"start":{"line":11,"column":14},"end":{"line":11,"column":26}},"5":{"start":{"line":13,"column":1},"end":{"line":18,"column":2}},"6":{"start":{"line":15,"column":3},"end":{"line":15,"column":24}},"7":{"start":{"line":17,"column":3},"end":{"line":17,"column":17}}},"fnMap":{"0":{"name":"(anonymous_0)","decl":{"start":{"line":9,"column":18},"end":{"line":9,"column":19}},"loc":{"start":{"line":9,"column":30},"end":{"line":19,"column":1}},"line":9}},"branchMap":{"0":{"loc":{"start":{"line":10,"column":14},"end":{"line":10,"column":84}},"type":"cond-expr","locations":[{"start":{"line":10,"column":67},"end":{"line":10,"column":79}},{"start":{"line":10,"column":82},"end":{"line":10,"column":84}}],"line":10},"1":{"loc":{"start":{"line":10,"column":14},"end":{"line":10,"column":64}},"type":"binary-expr","locations":[{"start":{"line":10,"column":14},"end":{"line":10,"column":34}},{"start":{"line":10,"column":38},"end":{"line":10,"column":64}}],"line":10},"2":{"loc":{"start":{"line":13,"column":1},"end":{"line":18,"column":2}},"type":"switch","locations":[{"start":{"line":14,"column":2},"end":{"line":15,"column":24}},{"start":{"line":16,"column":2},"end":{"line":17,"column":17}}],"line":13}},"s":{"0":1,"1":1,"2":1,"3":1,"4":1,"5":1,"6":1,"7":0},"f":{"0":1},"b":{"0":[1,0],"1":[1,1],"2":[1,0]},"_coverageSchema":"d34fc3e6b8297bcde183f5492bcb8fcb36775295","hash":"f15e95c4e87ce237af8ce74e83c566e7f77f905e","contentHash":"3100c40dbbd6c673492b68b30b13a5e1_12.0.2"},"/Users/marlonea/Andela/bright-events-react-frontend/src/reducers/newEvent.reducer.js":{"path":"/Users/marlonea/Andela/bright-events-react-frontend/src/reducers/newEvent.reducer.js","statementMap":{"0":{"start":{"line":3,"column":0},"end":{"line":5,"column":3}},"1":{"start":{"line":7,"column":13},"end":{"line":7,"column":54}},"2":{"start":{"line":9,"column":0},"end":{"line":19,"column":2}},"3":{"start":{"line":10,"column":16},"end":{"line":10,"column":86}},"4":{"start":{"line":11,"column":14},"end":{"line":11,"column":26}},"5":{"start":{"line":13,"column":1},"end":{"line":18,"column":2}},"6":{"start":{"line":15,"column":3},"end":{"line":15,"column":26}},"7":{"start":{"line":17,"column":3},"end":{"line":17,"column":19}}},"fnMap":{"0":{"name":"(anonymous_0)","decl":{"start":{"line":9,"column":18},"end":{"line":9,"column":19}},"loc":{"start":{"line":9,"column":30},"end":{"line":19,"column":1}},"line":9}},"branchMap":{"0":{"loc":{"start":{"line":10,"column":16},"end":{"line":10,"column":86}},"type":"cond-expr","locations":[{"start":{"line":10,"column":69},"end":{"line":10,"column":81}},{"start":{"line":10,"column":84},"end":{"line":10,"column":86}}],"line":10},"1":{"loc":{"start":{"line":10,"column":16},"end":{"line":10,"column":66}},"type":"binary-expr","locations":[{"start":{"line":10,"column":16},"end":{"line":10,"column":36}},{"start":{"line":10,"column":40},"end":{"line":10,"column":66}}],"line":10},"2":{"loc":{"start":{"line":13,"column":1},"end":{"line":18,"column":2}},"type":"switch","locations":[{"start":{"line":14,"column":2},"end":{"line":15,"column":26}},{"start":{"line":16,"column":2},"end":{"line":17,"column":19}}],"line":13}},"s":{"0":1,"1":1,"2":1,"3":1,"4":1,"5":1,"6":1,"7":0},"f":{"0":1},"b":{"0":[1,0],"1":[1,1],"2":[1,0]},"_coverageSchema":"d34fc3e6b8297bcde183f5492bcb8fcb36775295","hash":"4a2f9fba1d22b34284aa8398c3679b3a43b2de4d","contentHash":"ecaf0bdcd3164d94809d50a5f29c4adf_12.0.2"},"/Users/marlonea/Andela/bright-events-react-frontend/src/reducers/editEvent.reducer.js":{"path":"/Users/marlonea/Andela/bright-events-react-frontend/src/reducers/editEvent.reducer.js","statementMap":{"0":{"start":{"line":3,"column":0},"end":{"line":5,"column":3}},"1":{"start":{"line":7,"column":13},"end":{"line":7,"column":54}},"2":{"start":{"line":9,"column":0},"end":{"line":19,"column":2}},"3":{"start":{"line":10,"column":19},"end":{"line":10,"column":89}},"4":{"start":{"line":11,"column":14},"end":{"line":11,"column":26}},"5":{"start":{"line":13,"column":1},"end":{"line":18,"column":2}},"6":{"start":{"line":15,"column":3},"end":{"line":15,"column":29}},"7":{"start":{"line":17,"column":3},"end":{"line":17,"column":22}}},"fnMap":{"0":{"name":"(anonymous_0)","decl":{"start":{"line":9,"column":18},"end":{"line":9,"column":19}},"loc":{"start":{"line":9,"column":30},"end":{"line":19,"column":1}},"line":9}},"branchMap":{"0":{"loc":{"start":{"line":10,"column":19},"end":{"line":10,"column":89}},"type":"cond-expr","locations":[{"start":{"line":10,"column":72},"end":{"line":10,"column":84}},{"start":{"line":10,"column":87},"end":{"line":10,"column":89}}],"line":10},"1":{"loc":{"start":{"line":10,"column":19},"end":{"line":10,"column":69}},"type":"binary-expr","locations":[{"start":{"line":10,"column":19},"end":{"line":10,"column":39}},{"start":{"line":10,"column":43},"end":{"line":10,"column":69}}],"line":10},"2":{"loc":{"start":{"line":13,"column":1},"end":{"line":18,"column":2}},"type":"switch","locations":[{"start":{"line":14,"column":2},"end":{"line":15,"column":29}},{"start":{"line":16,"column":2},"end":{"line":17,"column":22}}],"line":13}},"s":{"0":1,"1":1,"2":1,"3":1,"4":1,"5":1,"6":1,"7":0},"f":{"0":1},"b":{"0":[1,0],"1":[1,1],"2":[1,0]},"_coverageSchema":"d34fc3e6b8297bcde183f5492bcb8fcb36775295","hash":"7c5728efb92bfb6d417648a24783ef66a727f6df","contentHash":"36e8974c655a483d5b8b1e254f1102aa_12.0.2"},"/Users/marlonea/Andela/bright-events-react-frontend/src/reducers/myEvents.reducer.js":{"path":"/Users/marlonea/Andela/bright-events-react-frontend/src/reducers/myEvents.reducer.js","statementMap":{"0":{"start":{"line":3,"column":0},"end":{"line":5,"column":3}},"1":{"start":{"line":7,"column":13},"end":{"line":7,"column":54}},"2":{"start":{"line":9,"column":0},"end":{"line":23,"column":2}},"3":{"start":{"line":10,"column":16},"end":{"line":10,"column":86}},"4":{"start":{"line":11,"column":14},"end":{"line":11,"column":26}},"5":{"start":{"line":13,"column":1},"end":{"line":22,"column":2}},"6":{"start":{"line":15,"column":3},"end":{"line":15,"column":26}},"7":{"start":{"line":17,"column":3},"end":{"line":19,"column":6}},"8":{"start":{"line":18,"column":4},"end":{"line":18,"column":34}},"9":{"start":{"line":21,"column":3},"end":{"line":21,"column":19}}},"fnMap":{"0":{"name":"(anonymous_0)","decl":{"start":{"line":9,"column":18},"end":{"line":9,"column":19}},"loc":{"start":{"line":9,"column":30},"end":{"line":23,"column":1}},"line":9},"1":{"name":"(anonymous_1)","decl":{"start":{"line":17,"column":26},"end":{"line":17,"column":27}},"loc":{"start":{"line":17,"column":43},"end":{"line":19,"column":4}},"line":17}},"branchMap":{"0":{"loc":{"start":{"line":10,"column":16},"end":{"line":10,"column":86}},"type":"cond-expr","locations":[{"start":{"line":10,"column":69},"end":{"line":10,"column":81}},{"start":{"line":10,"column":84},"end":{"line":10,"column":86}}],"line":10},"1":{"loc":{"start":{"line":10,"column":16},"end":{"line":10,"column":66}},"type":"binary-expr","locations":[{"start":{"line":10,"column":16},"end":{"line":10,"column":36}},{"start":{"line":10,"column":40},"end":{"line":10,"column":66}}],"line":10},"2":{"loc":{"start":{"line":13,"column":1},"end":{"line":22,"column":2}},"type":"switch","locations":[{"start":{"line":14,"column":2},"end":{"line":15,"column":26}},{"start":{"line":16,"column":2},"end":{"line":19,"column":6}},{"start":{"line":20,"column":2},"end":{"line":21,"column":19}}],"line":13}},"s":{"0":1,"1":1,"2":1,"3":1,"4":1,"5":1,"6":1,"7":0,"8":0,"9":0},"f":{"0":1,"1":0},"b":{"0":[1,0],"1":[1,1],"2":[1,0,0]},"_coverageSchema":"d34fc3e6b8297bcde183f5492bcb8fcb36775295","hash":"98a874c0311fde59402615d687f27e4e43dbc6ba","contentHash":"07ef4e4f4dee558d0df5ac90bde8415e_12.0.2"},"/Users/marlonea/Andela/bright-events-react-frontend/src/reducers/register.reducer.js":{"path":"/Users/marlonea/Andela/bright-events-react-frontend/src/reducers/register.reducer.js","statementMap":{"0":{"start":{"line":3,"column":0},"end":{"line":5,"column":3}},"1":{"start":{"line":6,"column":0},"end":{"line":6,"column":36}},"2":{"start":{"line":8,"column":19},"end":{"line":8,"column":44}},"3":{"start":{"line":11,"column":13},"end":{"line":11,"column":83}},"4":{"start":{"line":12,"column":14},"end":{"line":12,"column":26}},"5":{"start":{"line":14,"column":1},"end":{"line":23,"column":2}},"6":{"start":{"line":16,"column":3},"end":{"line":16,"column":51}},"7":{"start":{"line":18,"column":3},"end":{"line":18,"column":51}},"8":{"start":{"line":20,"column":3},"end":{"line":20,"column":52}},"9":{"start":{"line":22,"column":3},"end":{"line":22,"column":16}}},"fnMap":{"0":{"name":"registration","decl":{"start":{"line":10,"column":9},"end":{"line":10,"column":21}},"loc":{"start":{"line":10,"column":24},"end":{"line":24,"column":1}},"line":10}},"branchMap":{"0":{"loc":{"start":{"line":11,"column":13},"end":{"line":11,"column":83}},"type":"cond-expr","locations":[{"start":{"line":11,"column":66},"end":{"line":11,"column":78}},{"start":{"line":11,"column":81},"end":{"line":11,"column":83}}],"line":11},"1":{"loc":{"start":{"line":11,"column":13},"end":{"line":11,"column":63}},"type":"binary-expr","locations":[{"start":{"line":11,"column":13},"end":{"line":11,"column":33}},{"start":{"line":11,"column":37},"end":{"line":11,"column":63}}],"line":11},"2":{"loc":{"start":{"line":14,"column":1},"end":{"line":23,"column":2}},"type":"switch","locations":[{"start":{"line":15,"column":2},"end":{"line":16,"column":51}},{"start":{"line":17,"column":2},"end":{"line":18,"column":51}},{"start":{"line":19,"column":2},"end":{"line":20,"column":52}},{"start":{"line":21,"column":2},"end":{"line":22,"column":16}}],"line":14}},"s":{"0":1,"1":1,"2":1,"3":3,"4":3,"5":3,"6":1,"7":1,"8":1,"9":0},"f":{"0":3},"b":{"0":[3,0],"1":[3,3],"2":[1,1,1,0]},"_coverageSchema":"d34fc3e6b8297bcde183f5492bcb8fcb36775295","hash":"a81f50db7bec148509fd558c815096330489e662","contentHash":"9958944e5a0b6fbb9783e45ca66519fa_12.0.2"},"/Users/marlonea/Andela/bright-events-react-frontend/src/components/presentation/CreateEvent.js":{"path":"/Users/marlonea/Andela/bright-events-react-frontend/src/components/presentation/CreateEvent.js","statementMap":{"0":{"start":{"line":3,"column":0},"end":{"line":5,"column":3}},"1":{"start":{"line":7,"column":15},"end":{"line":7,"column":256}},"2":{"start":{"line":7,"column":52},"end":{"line":7,"column":239}},"3":{"start":{"line":7,"column":110},"end":{"line":7,"column":122}},"4":{"start":{"line":7,"column":124},"end":{"line":7,"column":237}},"5":{"start":{"line":7,"column":150},"end":{"line":7,"column":235}},"6":{"start":{"line":7,"column":207},"end":{"line":7,"column":233}},"7":{"start":{"line":7,"column":240},"end":{"line":7,"column":254}},"8":{"start":{"line":9,"column":19},"end":{"line":9,"column":563}},"9":{"start":{"line":9,"column":76},"end":{"line":9,"column":347}},"10":{"start":{"line":9,"column":134},"end":{"line":9,"column":142}},"11":{"start":{"line":9,"column":144},"end":{"line":9,"column":199}},"12":{"start":{"line":9,"column":200},"end":{"line":9,"column":231}},"13":{"start":{"line":9,"column":232},"end":{"line":9,"column":286}},"14":{"start":{"line":9,"column":259},"end":{"line":9,"column":286}},"15":{"start":{"line":9,"column":287},"end":{"line":9,"column":345}},"16":{"start":{"line":9,"column":350},"end":{"line":9,"column":559}},"17":{"start":{"line":9,"column":407},"end":{"line":9,"column":475}},"18":{"start":{"line":9,"column":423},"end":{"line":9,"column":475}},"19":{"start":{"line":9,"column":476},"end":{"line":9,"column":536}},"20":{"start":{"line":9,"column":493},"end":{"line":9,"column":536}},"21":{"start":{"line":9,"column":537},"end":{"line":9,"column":556}},"22":{"start":{"line":11,"column":13},"end":{"line":11,"column":29}},"23":{"start":{"line":13,"column":14},"end":{"line":13,"column":44}},"24":{"start":{"line":15,"column":39},"end":{"line":15,"column":93}},"25":{"start":{"line":17,"column":44},"end":{"line":17,"column":195}},"26":{"start":{"line":17,"column":62},"end":{"line":17,"column":166}},"27":{"start":{"line":17,"column":176},"end":{"line":17,"column":193}},"28":{"start":{"line":17,"column":196},"end":{"line":17,"column":207}},"29":{"start":{"line":19,"column":50},"end":{"line":19,"column":151}},"30":{"start":{"line":19,"column":92},"end":{"line":19,"column":149}},"31":{"start":{"line":21,"column":50},"end":{"line":21,"column":151}},"32":{"start":{"line":21,"column":63},"end":{"line":21,"column":149}},"33":{"start":{"line":21,"column":152},"end":{"line":21,"column":238}},"34":{"start":{"line":23,"column":43},"end":{"line":23,"column":208}},"35":{"start":{"line":23,"column":106},"end":{"line":23,"column":206}},"36":{"start":{"line":23,"column":209},"end":{"line":23,"column":373}},"37":{"start":{"line":23,"column":374},"end":{"line":23,"column":492}},"38":{"start":{"line":23,"column":390},"end":{"line":23,"column":492}},"39":{"start":{"line":25,"column":18},"end":{"line":208,"column":19}},"40":{"start":{"line":26,"column":1},"end":{"line":26,"column":36}},"41":{"start":{"line":29,"column":2},"end":{"line":29,"column":37}},"42":{"start":{"line":31,"column":14},"end":{"line":31,"column":127}},"43":{"start":{"line":33,"column":2},"end":{"line":42,"column":4}},"44":{"start":{"line":43,"column":2},"end":{"line":43,"column":46}},"45":{"start":{"line":44,"column":2},"end":{"line":44,"column":46}},"46":{"start":{"line":45,"column":2},"end":{"line":45,"column":15}},"47":{"start":{"line":48,"column":1},"end":{"line":205,"column":5}},"48":{"start":{"line":51,"column":3},"end":{"line":53,"column":6}},"49":{"start":{"line":58,"column":3},"end":{"line":58,"column":22}},"50":{"start":{"line":59,"column":15},"end":{"line":59,"column":31}},"51":{"start":{"line":61,"column":3},"end":{"line":61,"column":30}},"52":{"start":{"line":66,"column":15},"end":{"line":66,"column":31}},"53":{"start":{"line":68,"column":3},"end":{"line":203,"column":5}},"54":{"start":{"line":207,"column":1},"end":{"line":207,"column":20}},"55":{"start":{"line":210,"column":0},"end":{"line":210,"column":30}}},"fnMap":{"0":{"name":"(anonymous_0)","decl":{"start":{"line":7,"column":32},"end":{"line":7,"column":33}},"loc":{"start":{"line":7,"column":50},"end":{"line":7,"column":256}},"line":7},"1":{"name":"(anonymous_1)","decl":{"start":{"line":9,"column":19},"end":{"line":9,"column":20}},"loc":{"start":{"line":9,"column":31},"end":{"line":9,"column":561}},"line":9},"2":{"name":"defineProperties","decl":{"start":{"line":9,"column":42},"end":{"line":9,"column":58}},"loc":{"start":{"line":9,"column":74},"end":{"line":9,"column":349}},"line":9},"3":{"name":"(anonymous_3)","decl":{"start":{"line":9,"column":357},"end":{"line":9,"column":358}},"loc":{"start":{"line":9,"column":405},"end":{"line":9,"column":558}},"line":9},"4":{"name":"_interopRequireDefault","decl":{"start":{"line":15,"column":9},"end":{"line":15,"column":31}},"loc":{"start":{"line":15,"column":37},"end":{"line":15,"column":95}},"line":15},"5":{"name":"_defineProperty","decl":{"start":{"line":17,"column":9},"end":{"line":17,"column":24}},"loc":{"start":{"line":17,"column":42},"end":{"line":17,"column":209}},"line":17},"6":{"name":"_classCallCheck","decl":{"start":{"line":19,"column":9},"end":{"line":19,"column":24}},"loc":{"start":{"line":19,"column":48},"end":{"line":19,"column":153}},"line":19},"7":{"name":"_possibleConstructorReturn","decl":{"start":{"line":21,"column":9},"end":{"line":21,"column":35}},"loc":{"start":{"line":21,"column":48},"end":{"line":21,"column":240}},"line":21},"8":{"name":"_inherits","decl":{"start":{"line":23,"column":9},"end":{"line":23,"column":18}},"loc":{"start":{"line":23,"column":41},"end":{"line":23,"column":494}},"line":23},"9":{"name":"(anonymous_9)","decl":{"start":{"line":25,"column":18},"end":{"line":25,"column":19}},"loc":{"start":{"line":25,"column":40},"end":{"line":208,"column":1}},"line":25},"10":{"name":"CreateEvent","decl":{"start":{"line":28,"column":10},"end":{"line":28,"column":21}},"loc":{"start":{"line":28,"column":29},"end":{"line":46,"column":2}},"line":28},"11":{"name":"onChange","decl":{"start":{"line":50,"column":18},"end":{"line":50,"column":26}},"loc":{"start":{"line":50,"column":30},"end":{"line":54,"column":3}},"line":50},"12":{"name":"onSubmit","decl":{"start":{"line":57,"column":18},"end":{"line":57,"column":26}},"loc":{"start":{"line":57,"column":30},"end":{"line":62,"column":3}},"line":57},"13":{"name":"render","decl":{"start":{"line":65,"column":18},"end":{"line":65,"column":24}},"loc":{"start":{"line":65,"column":27},"end":{"line":204,"column":3}},"line":65}},"branchMap":{"0":{"loc":{"start":{"line":7,"column":15},"end":{"line":7,"column":256}},"type":"binary-expr","locations":[{"start":{"line":7,"column":15},"end":{"line":7,"column":28}},{"start":{"line":7,"column":32},"end":{"line":7,"column":256}}],"line":7},"1":{"loc":{"start":{"line":7,"column":150},"end":{"line":7,"column":235}},"type":"if","locations":[{"start":{"line":7,"column":150},"end":{"line":7,"column":235}},{"start":{"line":7,"column":150},"end":{"line":7,"column":235}}],"line":7},"2":{"loc":{"start":{"line":9,"column":168},"end":{"line":9,"column":198}},"type":"binary-expr","locations":[{"start":{"line":9,"column":168},"end":{"line":9,"column":189}},{"start":{"line":9,"column":193},"end":{"line":9,"column":198}}],"line":9},"3":{"loc":{"start":{"line":9,"column":232},"end":{"line":9,"column":286}},"type":"if","locations":[{"start":{"line":9,"column":232},"end":{"line":9,"column":286}},{"start":{"line":9,"column":232},"end":{"line":9,"column":286}}],"line":9},"4":{"loc":{"start":{"line":9,"column":407},"end":{"line":9,"column":475}},"type":"if","locations":[{"start":{"line":9,"column":407},"end":{"line":9,"column":475}},{"start":{"line":9,"column":407},"end":{"line":9,"column":475}}],"line":9},"5":{"loc":{"start":{"line":9,"column":476},"end":{"line":9,"column":536}},"type":"if","locations":[{"start":{"line":9,"column":476},"end":{"line":9,"column":536}},{"start":{"line":9,"column":476},"end":{"line":9,"column":536}}],"line":9},"6":{"loc":{"start":{"line":15,"column":46},"end":{"line":15,"column":92}},"type":"cond-expr","locations":[{"start":{"line":15,"column":70},"end":{"line":15,"column":73}},{"start":{"line":15,"column":76},"end":{"line":15,"column":92}}],"line":15},"7":{"loc":{"start":{"line":15,"column":46},"end":{"line":15,"column":67}},"type":"binary-expr","locations":[{"start":{"line":15,"column":46},"end":{"line":15,"column":49}},{"start":{"line":15,"column":53},"end":{"line":15,"column":67}}],"line":15},"8":{"loc":{"start":{"line":17,"column":44},"end":{"line":17,"column":195}},"type":"if","locations":[{"start":{"line":17,"column":44},"end":{"line":17,"column":195}},{"start":{"line":17,"column":44},"end":{"line":17,"column":195}}],"line":17},"9":{"loc":{"start":{"line":19,"column":50},"end":{"line":19,"column":151}},"type":"if","locations":[{"start":{"line":19,"column":50},"end":{"line":19,"column":151}},{"start":{"line":19,"column":50},"end":{"line":19,"column":151}}],"line":19},"10":{"loc":{"start":{"line":21,"column":50},"end":{"line":21,"column":151}},"type":"if","locations":[{"start":{"line":21,"column":50},"end":{"line":21,"column":151}},{"start":{"line":21,"column":50},"end":{"line":21,"column":151}}],"line":21},"11":{"loc":{"start":{"line":21,"column":159},"end":{"line":21,"column":237}},"type":"cond-expr","locations":[{"start":{"line":21,"column":226},"end":{"line":21,"column":230}},{"start":{"line":21,"column":233},"end":{"line":21,"column":237}}],"line":21},"12":{"loc":{"start":{"line":21,"column":159},"end":{"line":21,"column":223}},"type":"binary-expr","locations":[{"start":{"line":21,"column":159},"end":{"line":21,"column":163}},{"start":{"line":21,"column":168},"end":{"line":21,"column":192}},{"start":{"line":21,"column":196},"end":{"line":21,"column":222}}],"line":21},"13":{"loc":{"start":{"line":23,"column":43},"end":{"line":23,"column":208}},"type":"if","locations":[{"start":{"line":23,"column":43},"end":{"line":23,"column":208}},{"start":{"line":23,"column":43},"end":{"line":23,"column":208}}],"line":23},"14":{"loc":{"start":{"line":23,"column":47},"end":{"line":23,"column":102}},"type":"binary-expr","locations":[{"start":{"line":23,"column":47},"end":{"line":23,"column":79}},{"start":{"line":23,"column":83},"end":{"line":23,"column":102}}],"line":23},"15":{"loc":{"start":{"line":23,"column":244},"end":{"line":23,"column":278}},"type":"binary-expr","locations":[{"start":{"line":23,"column":244},"end":{"line":23,"column":254}},{"start":{"line":23,"column":258},"end":{"line":23,"column":278}}],"line":23},"16":{"loc":{"start":{"line":23,"column":374},"end":{"line":23,"column":492}},"type":"if","locations":[{"start":{"line":23,"column":374},"end":{"line":23,"column":492}},{"start":{"line":23,"column":374},"end":{"line":23,"column":492}}],"line":23},"17":{"loc":{"start":{"line":23,"column":390},"end":{"line":23,"column":491}},"type":"cond-expr","locations":[{"start":{"line":23,"column":414},"end":{"line":23,"column":457}},{"start":{"line":23,"column":460},"end":{"line":23,"column":491}}],"line":23},"18":{"loc":{"start":{"line":31,"column":48},"end":{"line":31,"column":107}},"type":"binary-expr","locations":[{"start":{"line":31,"column":48},"end":{"line":31,"column":69}},{"start":{"line":31,"column":73},"end":{"line":31,"column":107}}],"line":31}},"s":{"0":1,"1":1,"2":0,"3":0,"4":0,"5":0,"6":0,"7":0,"8":1,"9":1,"10":3,"11":3,"12":3,"13":3,"14":3,"15":3,"16":1,"17":1,"18":1,"19":1,"20":0,"21":1,"22":1,"23":1,"24":1,"25":0,"26":0,"27":0,"28":0,"29":1,"30":0,"31":1,"32":0,"33":1,"34":1,"35":0,"36":1,"37":1,"38":1,"39":1,"40":1,"41":1,"42":1,"43":1,"44":1,"45":1,"46":1,"47":1,"48":0,"49":0,"50":0,"51":0,"52":1,"53":1,"54":1,"55":1},"f":{"0":0,"1":1,"2":1,"3":1,"4":1,"5":0,"6":1,"7":1,"8":1,"9":1,"10":1,"11":0,"12":0,"13":1},"b":{"0":[1,0],"1":[0,0],"2":[3,3],"3":[3,0],"4":[1,0],"5":[0,1],"6":[0,1],"7":[1,1],"8":[0,0],"9":[0,1],"10":[0,1],"11":[0,1],"12":[1,0,0],"13":[0,1],"14":[1,0],"15":[1,1],"16":[1,0],"17":[1,0],"18":[1,0]},"_coverageSchema":"d34fc3e6b8297bcde183f5492bcb8fcb36775295","hash":"5fba6f63615fcb5985f1c8a94d8417503b28fda2","contentHash":"6c50a3ac7b47d5a2c630478a9b1a13b0_12.0.2"},"/Users/marlonea/Andela/bright-events-react-frontend/src/components/presentation/DeletePopup.js":{"path":"/Users/marlonea/Andela/bright-events-react-frontend/src/components/presentation/DeletePopup.js","statementMap":{"0":{"start":{"line":3,"column":0},"end":{"line":5,"column":3}},"1":{"start":{"line":7,"column":19},"end":{"line":7,"column":563}},"2":{"start":{"line":7,"column":76},"end":{"line":7,"column":347}},"3":{"start":{"line":7,"column":134},"end":{"line":7,"column":142}},"4":{"start":{"line":7,"column":144},"end":{"line":7,"column":199}},"5":{"start":{"line":7,"column":200},"end":{"line":7,"column":231}},"6":{"start":{"line":7,"column":232},"end":{"line":7,"column":286}},"7":{"start":{"line":7,"column":259},"end":{"line":7,"column":286}},"8":{"start":{"line":7,"column":287},"end":{"line":7,"column":345}},"9":{"start":{"line":7,"column":350},"end":{"line":7,"column":559}},"10":{"start":{"line":7,"column":407},"end":{"line":7,"column":475}},"11":{"start":{"line":7,"column":423},"end":{"line":7,"column":475}},"12":{"start":{"line":7,"column":476},"end":{"line":7,"column":536}},"13":{"start":{"line":7,"column":493},"end":{"line":7,"column":536}},"14":{"start":{"line":7,"column":537},"end":{"line":7,"column":556}},"15":{"start":{"line":9,"column":13},"end":{"line":9,"column":29}},"16":{"start":{"line":11,"column":14},"end":{"line":11,"column":44}},"17":{"start":{"line":13,"column":39},"end":{"line":13,"column":93}},"18":{"start":{"line":15,"column":50},"end":{"line":15,"column":151}},"19":{"start":{"line":15,"column":92},"end":{"line":15,"column":149}},"20":{"start":{"line":17,"column":50},"end":{"line":17,"column":151}},"21":{"start":{"line":17,"column":63},"end":{"line":17,"column":149}},"22":{"start":{"line":17,"column":152},"end":{"line":17,"column":238}},"23":{"start":{"line":19,"column":43},"end":{"line":19,"column":208}},"24":{"start":{"line":19,"column":106},"end":{"line":19,"column":206}},"25":{"start":{"line":19,"column":209},"end":{"line":19,"column":373}},"26":{"start":{"line":19,"column":374},"end":{"line":19,"column":492}},"27":{"start":{"line":19,"column":390},"end":{"line":19,"column":492}},"28":{"start":{"line":21,"column":18},"end":{"line":102,"column":19}},"29":{"start":{"line":22,"column":1},"end":{"line":22,"column":36}},"30":{"start":{"line":29,"column":2},"end":{"line":29,"column":37}},"31":{"start":{"line":31,"column":2},"end":{"line":33,"column":3}},"32":{"start":{"line":32,"column":3},"end":{"line":32,"column":32}},"33":{"start":{"line":35,"column":2},"end":{"line":38,"column":53}},"34":{"start":{"line":36,"column":3},"end":{"line":36,"column":40}},"35":{"start":{"line":37,"column":3},"end":{"line":37,"column":40}},"36":{"start":{"line":41,"column":1},"end":{"line":99,"column":5}},"37":{"start":{"line":44,"column":3},"end":{"line":97,"column":5}},"38":{"start":{"line":101,"column":1},"end":{"line":101,"column":20}},"39":{"start":{"line":104,"column":0},"end":{"line":104,"column":30}}},"fnMap":{"0":{"name":"(anonymous_0)","decl":{"start":{"line":7,"column":19},"end":{"line":7,"column":20}},"loc":{"start":{"line":7,"column":31},"end":{"line":7,"column":561}},"line":7},"1":{"name":"defineProperties","decl":{"start":{"line":7,"column":42},"end":{"line":7,"column":58}},"loc":{"start":{"line":7,"column":74},"end":{"line":7,"column":349}},"line":7},"2":{"name":"(anonymous_2)","decl":{"start":{"line":7,"column":357},"end":{"line":7,"column":358}},"loc":{"start":{"line":7,"column":405},"end":{"line":7,"column":558}},"line":7},"3":{"name":"_interopRequireDefault","decl":{"start":{"line":13,"column":9},"end":{"line":13,"column":31}},"loc":{"start":{"line":13,"column":37},"end":{"line":13,"column":95}},"line":13},"4":{"name":"_classCallCheck","decl":{"start":{"line":15,"column":9},"end":{"line":15,"column":24}},"loc":{"start":{"line":15,"column":48},"end":{"line":15,"column":153}},"line":15},"5":{"name":"_possibleConstructorReturn","decl":{"start":{"line":17,"column":9},"end":{"line":17,"column":35}},"loc":{"start":{"line":17,"column":48},"end":{"line":17,"column":240}},"line":17},"6":{"name":"_inherits","decl":{"start":{"line":19,"column":9},"end":{"line":19,"column":18}},"loc":{"start":{"line":19,"column":41},"end":{"line":19,"column":494}},"line":19},"7":{"name":"(anonymous_7)","decl":{"start":{"line":21,"column":18},"end":{"line":21,"column":19}},"loc":{"start":{"line":21,"column":40},"end":{"line":102,"column":1}},"line":21},"8":{"name":"DeletePopup","decl":{"start":{"line":24,"column":10},"end":{"line":24,"column":21}},"loc":{"start":{"line":24,"column":24},"end":{"line":39,"column":2}},"line":24},"9":{"name":"(anonymous_9)","decl":{"start":{"line":35,"column":201},"end":{"line":35,"column":202}},"loc":{"start":{"line":35,"column":213},"end":{"line":38,"column":3}},"line":35},"10":{"name":"render","decl":{"start":{"line":43,"column":18},"end":{"line":43,"column":24}},"loc":{"start":{"line":43,"column":27},"end":{"line":98,"column":3}},"line":43}},"branchMap":{"0":{"loc":{"start":{"line":7,"column":168},"end":{"line":7,"column":198}},"type":"binary-expr","locations":[{"start":{"line":7,"column":168},"end":{"line":7,"column":189}},{"start":{"line":7,"column":193},"end":{"line":7,"column":198}}],"line":7},"1":{"loc":{"start":{"line":7,"column":232},"end":{"line":7,"column":286}},"type":"if","locations":[{"start":{"line":7,"column":232},"end":{"line":7,"column":286}},{"start":{"line":7,"column":232},"end":{"line":7,"column":286}}],"line":7},"2":{"loc":{"start":{"line":7,"column":407},"end":{"line":7,"column":475}},"type":"if","locations":[{"start":{"line":7,"column":407},"end":{"line":7,"column":475}},{"start":{"line":7,"column":407},"end":{"line":7,"column":475}}],"line":7},"3":{"loc":{"start":{"line":7,"column":476},"end":{"line":7,"column":536}},"type":"if","locations":[{"start":{"line":7,"column":476},"end":{"line":7,"column":536}},{"start":{"line":7,"column":476},"end":{"line":7,"column":536}}],"line":7},"4":{"loc":{"start":{"line":13,"column":46},"end":{"line":13,"column":92}},"type":"cond-expr","locations":[{"start":{"line":13,"column":70},"end":{"line":13,"column":73}},{"start":{"line":13,"column":76},"end":{"line":13,"column":92}}],"line":13},"5":{"loc":{"start":{"line":13,"column":46},"end":{"line":13,"column":67}},"type":"binary-expr","locations":[{"start":{"line":13,"column":46},"end":{"line":13,"column":49}},{"start":{"line":13,"column":53},"end":{"line":13,"column":67}}],"line":13},"6":{"loc":{"start":{"line":15,"column":50},"end":{"line":15,"column":151}},"type":"if","locations":[{"start":{"line":15,"column":50},"end":{"line":15,"column":151}},{"start":{"line":15,"column":50},"end":{"line":15,"column":151}}],"line":15},"7":{"loc":{"start":{"line":17,"column":50},"end":{"line":17,"column":151}},"type":"if","locations":[{"start":{"line":17,"column":50},"end":{"line":17,"column":151}},{"start":{"line":17,"column":50},"end":{"line":17,"column":151}}],"line":17},"8":{"loc":{"start":{"line":17,"column":159},"end":{"line":17,"column":237}},"type":"cond-expr","locations":[{"start":{"line":17,"column":226},"end":{"line":17,"column":230}},{"start":{"line":17,"column":233},"end":{"line":17,"column":237}}],"line":17},"9":{"loc":{"start":{"line":17,"column":159},"end":{"line":17,"column":223}},"type":"binary-expr","locations":[{"start":{"line":17,"column":159},"end":{"line":17,"column":163}},{"start":{"line":17,"column":168},"end":{"line":17,"column":192}},{"start":{"line":17,"column":196},"end":{"line":17,"column":222}}],"line":17},"10":{"loc":{"start":{"line":19,"column":43},"end":{"line":19,"column":208}},"type":"if","locations":[{"start":{"line":19,"column":43},"end":{"line":19,"column":208}},{"start":{"line":19,"column":43},"end":{"line":19,"column":208}}],"line":19},"11":{"loc":{"start":{"line":19,"column":47},"end":{"line":19,"column":102}},"type":"binary-expr","locations":[{"start":{"line":19,"column":47},"end":{"line":19,"column":79}},{"start":{"line":19,"column":83},"end":{"line":19,"column":102}}],"line":19},"12":{"loc":{"start":{"line":19,"column":244},"end":{"line":19,"column":278}},"type":"binary-expr","locations":[{"start":{"line":19,"column":244},"end":{"line":19,"column":254}},{"start":{"line":19,"column":258},"end":{"line":19,"column":278}}],"line":19},"13":{"loc":{"start":{"line":19,"column":374},"end":{"line":19,"column":492}},"type":"if","locations":[{"start":{"line":19,"column":374},"end":{"line":19,"column":492}},{"start":{"line":19,"column":374},"end":{"line":19,"column":492}}],"line":19},"14":{"loc":{"start":{"line":19,"column":390},"end":{"line":19,"column":491}},"type":"cond-expr","locations":[{"start":{"line":19,"column":414},"end":{"line":19,"column":457}},{"start":{"line":19,"column":460},"end":{"line":19,"column":491}}],"line":19},"15":{"loc":{"start":{"line":35,"column":75},"end":{"line":35,"column":134}},"type":"binary-expr","locations":[{"start":{"line":35,"column":75},"end":{"line":35,"column":96}},{"start":{"line":35,"column":100},"end":{"line":35,"column":134}}],"line":35}},"s":{"0":1,"1":1,"2":1,"3":1,"4":1,"5":1,"6":1,"7":1,"8":1,"9":1,"10":1,"11":1,"12":1,"13":0,"14":1,"15":1,"16":1,"17":1,"18":1,"19":0,"20":2,"21":0,"22":2,"23":1,"24":0,"25":1,"26":1,"27":1,"28":1,"29":1,"30":1,"31":1,"32":2,"33":1,"34":0,"35":0,"36":1,"37":1,"38":1,"39":1},"f":{"0":1,"1":1,"2":1,"3":1,"4":1,"5":2,"6":1,"7":1,"8":1,"9":0,"10":1},"b":{"0":[1,1],"1":[1,0],"2":[1,0],"3":[0,1],"4":[0,1],"5":[1,1],"6":[0,1],"7":[0,2],"8":[1,1],"9":[2,1,0],"10":[0,1],"11":[1,0],"12":[1,1],"13":[1,0],"14":[1,0],"15":[1,0]},"_coverageSchema":"d34fc3e6b8297bcde183f5492bcb8fcb36775295","hash":"b3f5196591f4a30847a258232ff887d43dae82ff","contentHash":"6ed4da783ab3b1da781cfc3c11874f14_12.0.2"},"/Users/marlonea/Andela/bright-events-react-frontend/src/components/presentation/EditEvent.js":{"path":"/Users/marlonea/Andela/bright-events-react-frontend/src/components/presentation/EditEvent.js","statementMap":{"0":{"start":{"line":3,"column":0},"end":{"line":5,"column":3}},"1":{"start":{"line":7,"column":15},"end":{"line":7,"column":256}},"2":{"start":{"line":7,"column":52},"end":{"line":7,"column":239}},"3":{"start":{"line":7,"column":110},"end":{"line":7,"column":122}},"4":{"start":{"line":7,"column":124},"end":{"line":7,"column":237}},"5":{"start":{"line":7,"column":150},"end":{"line":7,"column":235}},"6":{"start":{"line":7,"column":207},"end":{"line":7,"column":233}},"7":{"start":{"line":7,"column":240},"end":{"line":7,"column":254}},"8":{"start":{"line":9,"column":19},"end":{"line":9,"column":563}},"9":{"start":{"line":9,"column":76},"end":{"line":9,"column":347}},"10":{"start":{"line":9,"column":134},"end":{"line":9,"column":142}},"11":{"start":{"line":9,"column":144},"end":{"line":9,"column":199}},"12":{"start":{"line":9,"column":200},"end":{"line":9,"column":231}},"13":{"start":{"line":9,"column":232},"end":{"line":9,"column":286}},"14":{"start":{"line":9,"column":259},"end":{"line":9,"column":286}},"15":{"start":{"line":9,"column":287},"end":{"line":9,"column":345}},"16":{"start":{"line":9,"column":350},"end":{"line":9,"column":559}},"17":{"start":{"line":9,"column":407},"end":{"line":9,"column":475}},"18":{"start":{"line":9,"column":423},"end":{"line":9,"column":475}},"19":{"start":{"line":9,"column":476},"end":{"line":9,"column":536}},"20":{"start":{"line":9,"column":493},"end":{"line":9,"column":536}},"21":{"start":{"line":9,"column":537},"end":{"line":9,"column":556}},"22":{"start":{"line":11,"column":13},"end":{"line":11,"column":29}},"23":{"start":{"line":13,"column":14},"end":{"line":13,"column":44}},"24":{"start":{"line":15,"column":39},"end":{"line":15,"column":93}},"25":{"start":{"line":17,"column":44},"end":{"line":17,"column":195}},"26":{"start":{"line":17,"column":62},"end":{"line":17,"column":166}},"27":{"start":{"line":17,"column":176},"end":{"line":17,"column":193}},"28":{"start":{"line":17,"column":196},"end":{"line":17,"column":207}},"29":{"start":{"line":19,"column":50},"end":{"line":19,"column":151}},"30":{"start":{"line":19,"column":92},"end":{"line":19,"column":149}},"31":{"start":{"line":21,"column":50},"end":{"line":21,"column":151}},"32":{"start":{"line":21,"column":63},"end":{"line":21,"column":149}},"33":{"start":{"line":21,"column":152},"end":{"line":21,"column":238}},"34":{"start":{"line":23,"column":43},"end":{"line":23,"column":208}},"35":{"start":{"line":23,"column":106},"end":{"line":23,"column":206}},"36":{"start":{"line":23,"column":209},"end":{"line":23,"column":373}},"37":{"start":{"line":23,"column":374},"end":{"line":23,"column":492}},"38":{"start":{"line":23,"column":390},"end":{"line":23,"column":492}},"39":{"start":{"line":25,"column":16},"end":{"line":208,"column":19}},"40":{"start":{"line":26,"column":1},"end":{"line":26,"column":34}},"41":{"start":{"line":29,"column":2},"end":{"line":29,"column":35}},"42
[...]
end":{"line":7,"column":28}},{"start":{"line":7,"column":32},"end":{"line":7,"column":256}}],"line":7},"1":{"loc":{"start":{"line":7,"column":150},"end":{"line":7,"column":235}},"type":"if","locations":[{"start":{"line":7,"column":150},"end":{"line":7,"column":235}},{"start":{"line":7,"column":150},"end":{"line":7,"column":235}}],"line":7},"2":{"loc":{"start":{"line":9,"column":168},"end":{"line":9,"column":198}},"type":"binary-expr","locations":[{"start":{"line":9,"column":168},"end":{"line":9,"column":189}},{"start":{"line":9,"column":193},"end":{"line":9,"column":198}}],"line":9},"3":{"loc":{"start":{"line":9,"column":232},"end":{"line":9,"column":286}},"type":"if","locations":[{"start":{"line":9,"column":232},"end":{"line":9,"column":286}},{"start":{"line":9,"column":232},"end":{"line":9,"column":286}}],"line":9},"4":{"loc":{"start":{"line":9,"column":407},"end":{"line":9,"column":475}},"type":"if","locations":[{"start":{"line":9,"column":407},"end":{"line":9,"column":475}},{"start":{"line":9,"column":407},"end":{"line":9,"column":475}}],"line":9},"5":{"loc":{"start":{"line":9,"column":476},"end":{"line":9,"column":536}},"type":"if","locations":[{"start":{"line":9,"column":476},"end":{"line":9,"column":536}},{"start":{"line":9,"column":476},"end":{"line":9,"column":536}}],"line":9},"6":{"loc":{"start":{"line":15,"column":46},"end":{"line":15,"column":92}},"type":"cond-expr","locations":[{"start":{"line":15,"column":70},"end":{"line":15,"column":73}},{"start":{"line":15,"column":76},"end":{"line":15,"column":92}}],"line":15},"7":{"loc":{"start":{"line":15,"column":46},"end":{"line":15,"column":67}},"type":"binary-expr","locations":[{"start":{"line":15,"column":46},"end":{"line":15,"column":49}},{"start":{"line":15,"column":53},"end":{"line":15,"column":67}}],"line":15},"8":{"loc":{"start":{"line":17,"column":44},"end":{"line":17,"column":195}},"type":"if","locations":[{"start":{"line":17,"column":44},"end":{"line":17,"column":195}},{"start":{"line":17,"column":44},"end":{"line":17,"column":195}}],"line":17},"9":{"loc":{"start":{"line":19,"column":50},"end":{"line":19,"column":151}},"type":"if","locations":[{"start":{"line":19,"column":50},"end":{"line":19,"column":151}},{"start":{"line":19,"column":50},"end":{"line":19,"column":151}}],"line":19},"10":{"loc":{"start":{"line":21,"column":50},"end":{"line":21,"column":151}},"type":"if","locations":[{"start":{"line":21,"column":50},"end":{"line":21,"column":151}},{"start":{"line":21,"column":50},"end":{"line":21,"column":151}}],"line":21},"11":{"loc":{"start":{"line":21,"column":159},"end":{"line":21,"column":237}},"type":"cond-expr","locations":[{"start":{"line":21,"column":226},"end":{"line":21,"column":230}},{"start":{"line":21,"column":233},"end":{"line":21,"column":237}}],"line":21},"12":{"loc":{"start":{"line":21,"column":159},"end":{"line":21,"column":223}},"type":"binary-expr","locations":[{"start":{"line":21,"column":159},"end":{"line":21,"column":163}},{"start":{"line":21,"column":168},"end":{"line":21,"column":192}},{"start":{"line":21,"column":196},"end":{"line":21,"column":222}}],"line":21},"13":{"loc":{"start":{"line":23,"column":43},"end":{"line":23,"column":208}},"type":"if","locations":[{"start":{"line":23,"column":43},"end":{"line":23,"column":208}},{"start":{"line":23,"column":43},"end":{"line":23,"column":208}}],"line":23},"14":{"loc":{"start":{"line":23,"column":47},"end":{"line":23,"column":102}},"type":"binary-expr","locations":[{"start":{"line":23,"column":47},"end":{"line":23,"column":79}},{"start":{"line":23,"column":83},"end":{"line":23,"column":102}}],"line":23},"15":{"loc":{"start":{"line":23,"column":244},"end":{"line":23,"column":278}},"type":"binary-expr","locations":[{"start":{"line":23,"column":244},"end":{"line":23,"column":254}},{"start":{"line":23,"column":258},"end":{"line":23,"column":278}}],"line":23},"16":{"loc":{"start":{"line":23,"column":374},"end":{"line":23,"column":492}},"type":"if","locations":[{"start":{"line":23,"column":374},"end":{"line":23,"column":492}},{"start":{"line":23,"column":374},"end":{"line":23,"column":492}}],"line":23},"17":{"loc":{"start":{"line":23,"column":390},"end":{"line":23,"column":491}},"type":"cond-expr","locations":[{"start":{"line":23,"column":414},"end":{"line":23,"column":457}},{"start":{"line":23,"column":460},"end":{"line":23,"column":491}}],"line":23},"18":{"loc":{"start":{"line":31,"column":48},"end":{"line":31,"column":103}},"type":"binary-expr","locations":[{"start":{"line":31,"column":48},"end":{"line":31,"column":67}},{"start":{"line":31,"column":71},"end":{"line":31,"column":103}}],"line":31}},"s":{"0":1,"1":1,"2":0,"3":0,"4":0,"5":0,"6":0,"7":0,"8":1,"9":1,"10":3,"11":3,"12":3,"13":3,"14":3,"15":3,"16":1,"17":1,"18":1,"19":1,"20":0,"21":1,"22":1,"23":1,"24":1,"25":0,"26":0,"27":0,"28":0,"29":1,"30":0,"31":1,"32":0,"33":1,"34":1,"35":0,"36":1,"37":1,"38":1,"39":1,"40":1,"41":1,"42":1,"43":1,"44":1,"45":1,"46":1,"47":1,"48":0,"49":0,"50":0,"51":0,"52":0,"53":1,"54":1,"55":1,"56":1},"f":{"0":0,"1":1,"2":1,"3":1,"4":1,"5":0,"6":1,"7":1,"8":1,"9":1,"10":1,"11":0,"12":0,"13":1},"b":{"0":[1,0],"1":[0,0],"2":[3,3],"3":[3,0],"4":[1,0],"5":[0,1],"6":[0,1],"7":[1,1],"8":[0,0],"9":[0,1],"10":[0,1],"11":[0,1],"12":[1,0,0],"13":[0,1],"14":[1,0],"15":[1,1],"16":[1,0],"17":[1,0],"18":[1,0]},"_coverageSchema":"d34fc3e6b8297bcde183f5492bcb8fcb36775295","hash":"923657552d2251f9d2e905fa229b20e7ef1927a7","contentHash":"625e687afcb6d9953df5df53b4e0f404_12.0.2"},"/Users/marlonea/Andela/bright-events-react-frontend/src/components/pages/Register.js":{"path":"/Users/marlonea/Andela/bright-events-react-frontend/src/components/pages/Register.js","statementMap":{"0":{"start":{"line":3,"column":0},"end":{"line":5,"column":3}},"1":{"start":{"line":6,"column":0},"end":{"line":6,"column":29}},"2":{"start":{"line":8,"column":15},"end":{"line":8,"column":256}},"3":{"start":{"line":8,"column":52},"end":{"line":8,"column":239}},"4":{"start":{"line":8,"column":110},"end":{"line":8,"column":122}},"5":{"start":{"line":8,"column":124},"end":{"line":8,"column":237}},"6":{"start":{"line":8,"column":150},"end":{"line":8,"column":235}},"7":{"start":{"line":8,"column":207},"end":{"line":8,"column":233}},"8":{"start":{"line":8,"column":240},"end":{"line":8,"column":254}},"9":{"start":{"line":10,"column":19},"end":{"line":10,"column":563}},"10":{"start":{"line":10,"column":76},"end":{"line":10,"column":347}},"11":{"start":{"line":10,"column":134},"end":{"line":10,"column":142}},"12":{"start":{"line":10,"column":144},"end":{"line":10,"column":199}},"13":{"start":{"line":10,"column":200},"end":{"line":10,"column":231}},"14":{"start":{"line":10,"column":232},"end":{"line":10,"column":286}},"15":{"start":{"line":10,"column":259},"end":{"line":10,"column":286}},"16":{"start":{"line":10,"column":287},"end":{"line":10,"column":345}},"17":{"start":{"line":10,"column":350},"end":{"line":10,"column":559}},"18":{"start":{"line":10,"column":407},"end":{"line":10,"column":475}},"19":{"start":{"line":10,"column":423},"end":{"line":10,"column":475}},"20":{"start":{"line":10,"column":476},"end":{"line":10,"column":536}},"21":{"start":{"line":10,"column":493},"end":{"line":10,"column":536}},"22":{"start":{"line":10,"column":537},"end":{"line":10,"column":556}},"23":{"start":{"line":12,"column":13},"end":{"line":12,"column":29}},"24":{"start":{"line":14,"column":14},"end":{"line":14,"column":44}},"25":{"start":{"line":16,"column":18},"end":{"line":16,"column":40}},"26":{"start":{"line":18,"column":15},"end":{"line":18,"column":57}},"27":{"start":{"line":20,"column":16},"end":{"line":20,"column":48}},"28":{"start":{"line":22,"column":15},"end":{"line":22,"column":39}},"29":{"start":{"line":24,"column":39},"end":{"line":24,"column":93}},"30":{"start":{"line":26,"column":44},"end":{"line":26,"column":195}},"31":{"start":{"line":26,"column":62},"end":{"line":26,"column":166}},"32":{"start":{"line":26,"column":176},"end":{"line":26,"column":193}},"33":{"start":{"line":26,"column":196},"end":{"line":26,"column":207}},"34":{"start":{"line":28,"column":50},"end":{"line":28,"column":151}},"35":{"start":{"line":28,"column":92},"end":{"line":28,"column":149}},"36":{"start":{"line":30,"column":50},"end":{"line":30,"column":151}},"37":{"start":{"line":30,"column":63},"end":{"line":30,"column":149}},"38":{"start":{"line":30,"column":152},"end":{"line":30,"column":238}},"39":{"start":{"line":32,"column":43},"end":{"line":32,"column":208}},"40":{"start":{"line":32,"column":106},"end":{"line":32,"column":206}},"41":{"start":{"line":32,"column":209},"end":{"line":32,"column":373}},"42":{"start":{"line":32,"column":374},"end":{"line":32,"column":492}},"43":{"start":{"line":32,"column":390},"end":{"line":32,"column":492}},"44":{"start":{"line":34,"column":15},"end":{"line":162,"column":19}},"45":{"start":{"line":35,"column":1},"end":{"line":35,"column":33}},"46":{"start":{"line":38,"column":2},"end":{"line":38,"column":34}},"47":{"start":{"line":40,"column":14},"end":{"line":40,"column":121}},"48":{"start":{"line":42,"column":2},"end":{"line":49,"column":4}},"49":{"start":{"line":51,"column":2},"end":{"line":51,"column":54}},"50":{"start":{"line":52,"column":2},"end":{"line":52,"column":54}},"51":{"start":{"line":53,"column":2},"end":{"line":53,"column":15}},"52":{"start":{"line":56,"column":1},"end":{"line":159,"column":5}},"53":{"start":{"line":59,"column":19},"end":{"line":59,"column":27}},"54":{"start":{"line":60,"column":14},"end":{"line":60,"column":28}},"55":{"start":{"line":61,"column":15},"end":{"line":61,"column":30}},"56":{"start":{"line":62,"column":14},"end":{"line":62,"column":29}},"57":{"start":{"line":65,"column":3},"end":{"line":67,"column":6}},"58":{"start":{"line":72,"column":3},"end":{"line":72,"column":22}},"59":{"start":{"line":74,"column":14},"end":{"line":74,"column":29}},"60":{"start":{"line":75,"column":18},"end":{"line":75,"column":37}},"61":{"start":{"line":78,"column":3},"end":{"line":80,"column":4}},"62":{"start":{"line":79,"column":4},"end":{"line":79,"column":43}},"63":{"start":{"line":85,"column":21},"end":{"line":85,"column":43}},"64":{"start":{"line":86,"column":14},"end":{"line":86,"column":29}},"65":{"start":{"line":89,"column":3},"end":{"line":157,"column":5}},"66":{"start":{"line":161,"column":1},"end":{"line":161,"column":17}},"67":{"start":{"line":165,"column":19},"end":{"line":165,"column":49}},"68":{"start":{"line":167,"column":1},"end":{"line":169,"column":3}},"69":{"start":{"line":172,"column":28},"end":{"line":172,"column":79}},"70":{"start":{"line":173,"column":0},"end":{"line":173,"column":41}}},"fnMap":{"0":{"name":"(anonymous_0)","decl":{"start":{"line":8,"column":32},"end":{"line":8,"column":33}},"loc":{"start":{"line":8,"column":50},"end":{"line":8,"column":256}},"line":8},"1":{"name":"(anonymous_1)","decl":{"start":{"line":10,"column":19},"end":{"line":10,"column":20}},"loc":{"start":{"line":10,"column":31},"end":{"line":10,"column":561}},"line":10},"2":{"name":"defineProperties","decl":{"start":{"line":10,"column":42},"end":{"line":10,"column":58}},"loc":{"start":{"line":10,"column":74},"end":{"line":10,"column":349}},"line":10},"3":{"name":"(anonymous_3)","decl":{"start":{"line":10,"column":357},"end":{"line":10,"column":358}},"loc":{"start":{"line":10,"column":405},"end":{"line":10,"column":558}},"line":10},"4":{"name":"_interopRequireDefault","decl":{"start":{"line":24,"column":9},"end":{"line":24,"column":31}},"loc":{"start":{"line":24,"column":37},"end":{"line":24,"column":95}},"line":24},"5":{"name":"_defineProperty","decl":{"start":{"line":26,"column":9},"end":{"line":26,"column":24}},"loc":{"start":{"line":26,"column":42},"end":{"line":26,"column":209}},"line":26},"6":{"name":"_classCallCheck","decl":{"start":{"line":28,"column":9},"end":{"line":28,"column":24}},"loc":{"start":{"line":28,"column":48},"end":{"line":28,"column":153}},"line":28},"7":{"name":"_possibleConstructorReturn","decl":{"start":{"line":30,"column":9},"end":{"line":30,"column":35}},"loc":{"start":{"line":30,"column":48},"end":{"line":30,"column":240}},"line":30},"8":{"name":"_inherits","decl":{"start":{"line":32,"column":9},"end":{"line":32,"column":18}},"loc":{"start":{"line":32,"column":41},"end":{"line":32,"column":494}},"line":32},"9":{"name":"(anonymous_9)","decl":{"start":{"line":34,"column":15},"end":{"line":34,"column":16}},"loc":{"start":{"line":34,"column":37},"end":{"line":162,"column":1}},"line":34},"10":{"name":"Register","decl":{"start":{"line":37,"column":10},"end":{"line":37,"column":18}},"loc":{"start":{"line":37,"column":26},"end":{"line":54,"column":2}},"line":37},"11":{"name":"handleChange","decl":{"start":{"line":58,"column":18},"end":{"line":58,"column":30}},"loc":{"start":{"line":58,"column":34},"end":{"line":68,"column":3}},"line":58},"12":{"name":"handleSubmit","decl":{"start":{"line":71,"column":18},"end":{"line":71,"column":30}},"loc":{"start":{"line":71,"column":34},"end":{"line":81,"column":3}},"line":71},"13":{"name":"render","decl":{"start":{"line":84,"column":18},"end":{"line":84,"column":24}},"loc":{"start":{"line":84,"column":27},"end":{"line":158,"column":3}},"line":84},"14":{"name":"mapStateToProps","decl":{"start":{"line":164,"column":9},"end":{"line":164,"column":24}},"loc":{"start":{"line":164,"column":32},"end":{"line":170,"column":1}},"line":164}},"branchMap":{"0":{"loc":{"start":{"line":8,"column":15},"end":{"line":8,"column":256}},"type":"binary-expr","locations":[{"start":{"line":8,"column":15},"end":{"line":8,"column":28}},{"start":{"line":8,"column":32},"end":{"line":8,"column":256}}],"line":8},"1":{"loc":{"start":{"line":8,"column":150},"end":{"line":8,"column":235}},"type":"if","locations":[{"start":{"line":8,"column":150},"end":{"line":8,"column":235}},{"start":{"line":8,"column":150},"end":{"line":8,"column":235}}],"line":8},"2":{"loc":{"start":{"line":10,"column":168},"end":{"line":10,"column":198}},"type":"binary-expr","locations":[{"start":{"line":10,"column":168},"end":{"line":10,"column":189}},{"start":{"line":10,"column":193},"end":{"line":10,"column":198}}],"line":10},"3":{"loc":{"start":{"line":10,"column":232},"end":{"line":10,"column":286}},"type":"if","locations":[{"start":{"line":10,"column":232},"end":{"line":10,"column":286}},{"start":{"line":10,"column":232},"end":{"line":10,"column":286}}],"line":10},"4":{"loc":{"start":{"line":10,"column":407},"end":{"line":10,"column":475}},"type":"if","locations":[{"start":{"line":10,"column":407},"end":{"line":10,"column":475}},{"start":{"line":10,"column":407},"end":{"line":10,"column":475}}],"line":10},"5":{"loc":{"start":{"line":10,"column":476},"end":{"line":10,"column":536}},"type":"if","locations":[{"start":{"line":10,"column":476},"end":{"line":10,"column":536}},{"start":{"line":10,"column":476},"end":{"line":10,"column":536}}],"line":10},"6":{"loc":{"start":{"line":24,"column":46},"end":{"line":24,"column":92}},"type":"cond-expr","locations":[{"start":{"line":24,"column":70},"end":{"line":24,"column":73}},{"start":{"line":24,"column":76},"end":{"line":24,"column":92}}],"line":24},"7":{"loc":{"start":{"line":24,"column":46},"end":{"line":24,"column":67}},"type":"binary-expr","locations":[{"start":{"line":24,"column":46},"end":{"line":24,"column":49}},{"start":{"line":24,"column":53},"end":{"line":24,"column":67}}],"line":24},"8":{"loc":{"start":{"line":26,"column":44},"end":{"line":26,"column":195}},"type":"if","locations":[{"start":{"line":26,"column":44},"end":{"line":26,"column":195}},{"start":{"line":26,"column":44},"end":{"line":26,"column":195}}],"line":26},"9":{"loc":{"start":{"line":28,"column":50},"end":{"line":28,"column":151}},"type":"if","locations":[{"start":{"line":28,"column":50},"end":{"line":28,"column":151}},{"start":{"line":28,"column":50},"end":{"line":28,"column":151}}],"line":28},"10":{"loc":{"start":{"line":30,"column":50},"end":{"line":30,"column":151}},"type":"if","locations":[{"start":{"line":30,"column":50},"end":{"line":30,"column":151}},{"start":{"line":30,"column":50},"end":{"line":30,"column":151}}],"line":30},"11":{"loc":{"start":{"line":30,"column":159},"end":{"line":30,"column":237}},"type":"cond-expr","locations":[{"start":{"line":30,"column":226},"end":{"line":30,"column":230}},{"start":{"line":30,"column":233},"end":{"line":30,"column":237}}],"line":30},"12":{"loc":{"start":{"line":30,"column":159},"end":{"line":30,"column":223}},"type":"binary-expr","locations":[{"start":{"line":30,"column":159},"end":{"line":30,"column":163}},{"start":{"line":30,"column":168},"end":{"line":30,"column":192}},{"start":{"line":30,"column":196},"end":{"line":30,"column":222}}],"line":30},"13":{"loc":{"start":{"line":32,"column":43},"end":{"line":32,"column":208}},"type":"if","locations":[{"start":{"line":32,"column":43},"end":{"line":32,"column":208}},{"start":{"line":32,"column":43},"end":{"line":32,"column":208}}],"line":32},"14":{"loc":{"start":{"line":32,"column":47},"end":{"line":32,"column":102}},"type":"binary-expr","locations":[{"start":{"line":32,"column":47},"end":{"line":32,"column":79}},{"start":{"line":32,"column":83},"end":{"line":32,"column":102}}],"line":32},"15":{"loc":{"start":{"line":32,"column":244},"end":{"line":32,"column":278}},"type":"binary-expr","locations":[{"start":{"line":32,"column":244},"end":{"line":32,"column":254}},{"start":{"line":32,"column":258},"end":{"line":32,"column":278}}],"line":32},"16":{"loc":{"start":{"line":32,"column":374},"end":{"line":32,"column":492}},"type":"if","locations":[{"start":{"line":32,"column":374},"end":{"line":32,"column":492}},{"start":{"line":32,"column":374},"end":{"line":32,"column":492}}],"line":32},"17":{"loc":{"start":{"line":32,"column":390},"end":{"line":32,"column":491}},"type":"cond-expr","locations":[{"start":{"line":32,"column":414},"end":{"line":32,"column":457}},{"start":{"line":32,"column":460},"end":{"line":32,"column":491}}],"line":32},"18":{"loc":{"start":{"line":40,"column":48},"end":{"line":40,"column":101}},"type":"binary-expr","locations":[{"start":{"line":40,"column":48},"end":{"line":40,"column":66}},{"start":{"line":40,"column":70},"end":{"line":40,"column":101}}],"line":40},"19":{"loc":{"start":{"line":78,"column":3},"end":{"line":80,"column":4}},"type":"if","locations":[{"start":{"line":78,"column":3},"end":{"line":80,"column":4}},{"start":{"line":78,"column":3},"end":{"line":80,"column":4}}],"line":78},"20":{"loc":{"start":{"line":78,"column":7},"end":{"line":78,"column":69}},"type":"binary-expr","locations":[{"start":{"line":78,"column":7},"end":{"line":78,"column":21}},{"start":{"line":78,"column":25},"end":{"line":78,"column":38}},{"start":{"line":78,"column":42},"end":{"line":78,"column":52}},{"start":{"line":78,"column":56},"end":{"line":78,"column":69}}],"line":78},"21":{"loc":{"start":{"line":147,"column":4},"end":{"line":147,"column":1002}},"type":"binary-expr","locations":[{"start":{"line":147,"column":4},"end":{"line":147,"column":15}},{"start":{"line":147,"column":19},"end":{"line":147,"column":1002}}],"line":147}},"s":{"0":1,"1":1,"2":1,"3":0,"4":0,"5":0,"6":0,"7":0,"8":0,"9":1,"10":1,"11":3,"12":3,"13":3,"14":3,"15":3,"16":3,"17":1,"18":1,"19":1,"20":1,"21":0,"22":1,"23":1,"24":1,"25":1,"26":1,"27":1,"28":1,"29":2,"30":0,"31":0,"32":0,"33":0,"34":0,"35":0,"36":0,"37":0,"38":0,"39":1,"40":0,"41":1,"42":1,"43":1,"44":1,"45":1,"46":0,"47":0,"48":0,"49":0,"50":0,"51":0,"52":1,"53":0,"54":0,"55":0,"56":0,"57":0,"58":0,"59":0,"60":0,"61":0,"62":0,"63":0,"64":0,"65":0,"66":1,"67":0,"68":0,"69":1,"70":1},"f":{"0":0,"1":1,"2":1,"3":1,"4":2,"5":0,"6":0,"7":0,"8":1,"9":1,"10":0,"11":0,"12":0,"13":0,"14":0},"b":{"0":[1,0],"1":[0,0],"2":[3,3],"3":[3,0],"4":[1,0],"5":[0,1],"6":[0,2],"7":[2,2],"8":[0,0],"9":[0,0],"10":[0,0],"11":[0,0],"12":[0,0,0],"13":[0,1],"14":[1,0],"15":[1,1],"16":[1,0],"17":[1,0],"18":[0,0],"19":[0,0],"20":[0,0,0,0],"21":[0,0]},"_coverageSchema":"d34fc3e6b8297bcde183f5492bcb8fcb36775295","hash":"c3c361ff355ef867de98176cbe5f3a177fb09e3c","contentHash":"3ef415f4b2ab12143327a5740d003c40_12.0.2"}}